--------------------------------------------------------------------------------
Release 12.4 Trace  (nt64)
Copyright (c) 1995-2010 Xilinx, Inc.  All rights reserved.

C:\Xilinx\12.4\ISE_DS\ISE\bin\nt64\unwrapped\trce.exe -intstyle ise -v 3 -s 5
-n 3 -fastpaths -xml alu.twx alu.ncd -o alu.twr alu.pcf

Design file:              alu.ncd
Physical constraint file: alu.pcf
Device,package,speed:     xc3s400,pq208,-5 (PRODUCTION 1.39 2010-11-18)
Report level:             verbose report

Environment Variable      Effect 
--------------------      ------ 
NONE                      No environment variables were set
--------------------------------------------------------------------------------

INFO:Timing:2698 - No timing constraints found, doing default enumeration.
INFO:Timing:2752 - To get complete path coverage, use the unconstrained paths 
   option. All paths that are not constrained will be reported in the 
   unconstrained paths section(s) of the report.
INFO:Timing:3339 - The clock-to-out numbers in this timing report are based on 
   a 50 Ohm transmission line loading model.  For the details of this model, 
   and for more information on accounting for different loading conditions, 
   please see the device datasheet.
INFO:Timing:3390 - This architecture does not support a default System Jitter 
   value, please add SYSTEM_JITTER constraint to the UCF to modify the Clock 
   Uncertainty calculation.
INFO:Timing:3389 - This architecture does not support 'Discrete Jitter' and 
   'Phase Error' calculations, these terms will be zero in the Clock 
   Uncertainty calculation.  Please make appropriate modification to 
   SYSTEM_JITTER to account for the unsupported Discrete Jitter and Phase 
   Error.



Data Sheet report:
-----------------
All values displayed in nanoseconds (ns)

Setup/Hold to clock logicfn<0>
------------+------------+------------+--------------------------+--------+
            |Max Setup to|Max Hold to |                          | Clock  |
Source      | clk (edge) | clk (edge) |Internal Clock(s)         | Phase  |
------------+------------+------------+--------------------------+--------+
x<0>        |    5.870(F)|    2.468(F)|my_alu/logic_output_or0001|   0.000|
x<1>        |    7.667(F)|    2.380(F)|my_alu/logic_output_or0001|   0.000|
x<2>        |    6.804(F)|    2.949(F)|my_alu/logic_output_or0001|   0.000|
x<3>        |    6.096(F)|    2.804(F)|my_alu/logic_output_or0001|   0.000|
x<4>        |    6.620(F)|    2.616(F)|my_alu/logic_output_or0001|   0.000|
x<5>        |    6.358(F)|    3.056(F)|my_alu/logic_output_or0001|   0.000|
x<6>        |    7.074(F)|    2.918(F)|my_alu/logic_output_or0001|   0.000|
x<7>        |    6.956(F)|    3.147(F)|my_alu/logic_output_or0001|   0.000|
x<8>        |    7.103(F)|    3.334(F)|my_alu/logic_output_or0001|   0.000|
x<9>        |    6.082(F)|    2.569(F)|my_alu/logic_output_or0001|   0.000|
x<10>       |    5.202(F)|    2.836(F)|my_alu/logic_output_or0001|   0.000|
x<11>       |    5.238(F)|    2.678(F)|my_alu/logic_output_or0001|   0.000|
x<12>       |    5.362(F)|    3.767(F)|my_alu/logic_output_or0001|   0.000|
x<13>       |    6.591(F)|    2.703(F)|my_alu/logic_output_or0001|   0.000|
x<14>       |    6.621(F)|    2.485(F)|my_alu/logic_output_or0001|   0.000|
x<15>       |    6.439(F)|    2.615(F)|my_alu/logic_output_or0001|   0.000|
x<16>       |    5.233(F)|    3.171(F)|my_alu/logic_output_or0001|   0.000|
x<17>       |    7.117(F)|    2.491(F)|my_alu/logic_output_or0001|   0.000|
x<18>       |    6.888(F)|    3.197(F)|my_alu/logic_output_or0001|   0.000|
x<19>       |    6.073(F)|    2.141(F)|my_alu/logic_output_or0001|   0.000|
x<20>       |    6.482(F)|    2.308(F)|my_alu/logic_output_or0001|   0.000|
x<21>       |    6.359(F)|    2.771(F)|my_alu/logic_output_or0001|   0.000|
x<22>       |    5.547(F)|    3.180(F)|my_alu/logic_output_or0001|   0.000|
x<23>       |    5.299(F)|    2.377(F)|my_alu/logic_output_or0001|   0.000|
x<24>       |    4.836(F)|    2.839(F)|my_alu/logic_output_or0001|   0.000|
x<25>       |    6.796(F)|    3.183(F)|my_alu/logic_output_or0001|   0.000|
x<26>       |    6.705(F)|    2.676(F)|my_alu/logic_output_or0001|   0.000|
x<27>       |    7.678(F)|    2.820(F)|my_alu/logic_output_or0001|   0.000|
x<28>       |    7.481(F)|    2.043(F)|my_alu/logic_output_or0001|   0.000|
x<29>       |    6.534(F)|    2.843(F)|my_alu/logic_output_or0001|   0.000|
x<30>       |    5.623(F)|    4.216(F)|my_alu/logic_output_or0001|   0.000|
x<31>       |    5.206(F)|    4.319(F)|my_alu/logic_output_or0001|   0.000|
y<0>        |    7.675(F)|    2.846(F)|my_alu/logic_output_or0001|   0.000|
y<1>        |    5.985(F)|    3.671(F)|my_alu/logic_output_or0001|   0.000|
y<2>        |    3.918(F)|    3.562(F)|my_alu/logic_output_or0001|   0.000|
y<3>        |    5.868(F)|    3.194(F)|my_alu/logic_output_or0001|   0.000|
y<4>        |    2.752(F)|    4.349(F)|my_alu/logic_output_or0001|   0.000|
y<5>        |    6.286(F)|    2.788(F)|my_alu/logic_output_or0001|   0.000|
y<6>        |    7.120(F)|    3.730(F)|my_alu/logic_output_or0001|   0.000|
y<7>        |    6.999(F)|    3.528(F)|my_alu/logic_output_or0001|   0.000|
y<8>        |    6.982(F)|    2.233(F)|my_alu/logic_output_or0001|   0.000|
y<9>        |    6.643(F)|    2.925(F)|my_alu/logic_output_or0001|   0.000|
y<10>       |    6.651(F)|    2.497(F)|my_alu/logic_output_or0001|   0.000|
y<11>       |    6.492(F)|    3.877(F)|my_alu/logic_output_or0001|   0.000|
y<12>       |    6.619(F)|    3.001(F)|my_alu/logic_output_or0001|   0.000|
y<13>       |    6.362(F)|    2.729(F)|my_alu/logic_output_or0001|   0.000|
y<14>       |    7.121(F)|    3.911(F)|my_alu/logic_output_or0001|   0.000|
y<15>       |    6.549(F)|    2.910(F)|my_alu/logic_output_or0001|   0.000|
y<16>       |    8.492(F)|    3.942(F)|my_alu/logic_output_or0001|   0.000|
y<17>       |    7.322(F)|    1.960(F)|my_alu/logic_output_or0001|   0.000|
y<18>       |    6.888(F)|    2.308(F)|my_alu/logic_output_or0001|   0.000|
y<19>       |    6.540(F)|    2.657(F)|my_alu/logic_output_or0001|   0.000|
y<20>       |    6.878(F)|    2.316(F)|my_alu/logic_output_or0001|   0.000|
y<21>       |    6.532(F)|    2.592(F)|my_alu/logic_output_or0001|   0.000|
y<22>       |    7.273(F)|    1.999(F)|my_alu/logic_output_or0001|   0.000|
y<23>       |    6.879(F)|    2.315(F)|my_alu/logic_output_or0001|   0.000|
y<24>       |    7.313(F)|    2.543(F)|my_alu/logic_output_or0001|   0.000|
y<25>       |    6.882(F)|    2.900(F)|my_alu/logic_output_or0001|   0.000|
y<26>       |    9.595(F)|    0.784(F)|my_alu/logic_output_or0001|   0.000|
y<27>       |    6.594(F)|    2.543(F)|my_alu/logic_output_or0001|   0.000|
y<28>       |    6.940(F)|    2.367(F)|my_alu/logic_output_or0001|   0.000|
y<29>       |    7.037(F)|    4.047(F)|my_alu/logic_output_or0001|   0.000|
y<30>       |    6.639(F)|    2.636(F)|my_alu/logic_output_or0001|   0.000|
y<31>       |    6.629(F)|    3.670(F)|my_alu/logic_output_or0001|   0.000|
------------+------------+------------+--------------------------+--------+

Setup/Hold to clock logicfn<1>
------------+------------+------------+--------------------------+--------+
            |Max Setup to|Max Hold to |                          | Clock  |
Source      | clk (edge) | clk (edge) |Internal Clock(s)         | Phase  |
------------+------------+------------+--------------------------+--------+
x<0>        |    6.277(F)|    1.960(F)|my_alu/logic_output_or0001|   0.000|
x<1>        |    8.074(F)|    1.872(F)|my_alu/logic_output_or0001|   0.000|
x<2>        |    7.211(F)|    2.441(F)|my_alu/logic_output_or0001|   0.000|
x<3>        |    6.503(F)|    2.296(F)|my_alu/logic_output_or0001|   0.000|
x<4>        |    7.027(F)|    2.108(F)|my_alu/logic_output_or0001|   0.000|
x<5>        |    6.765(F)|    2.548(F)|my_alu/logic_output_or0001|   0.000|
x<6>        |    7.481(F)|    2.410(F)|my_alu/logic_output_or0001|   0.000|
x<7>        |    7.363(F)|    2.639(F)|my_alu/logic_output_or0001|   0.000|
x<8>        |    7.510(F)|    2.826(F)|my_alu/logic_output_or0001|   0.000|
x<9>        |    6.489(F)|    2.061(F)|my_alu/logic_output_or0001|   0.000|
x<10>       |    5.609(F)|    2.328(F)|my_alu/logic_output_or0001|   0.000|
x<11>       |    5.645(F)|    2.170(F)|my_alu/logic_output_or0001|   0.000|
x<12>       |    5.769(F)|    3.259(F)|my_alu/logic_output_or0001|   0.000|
x<13>       |    6.998(F)|    2.195(F)|my_alu/logic_output_or0001|   0.000|
x<14>       |    7.028(F)|    1.977(F)|my_alu/logic_output_or0001|   0.000|
x<15>       |    6.846(F)|    2.107(F)|my_alu/logic_output_or0001|   0.000|
x<16>       |    5.640(F)|    2.663(F)|my_alu/logic_output_or0001|   0.000|
x<17>       |    7.524(F)|    1.983(F)|my_alu/logic_output_or0001|   0.000|
x<18>       |    7.295(F)|    2.689(F)|my_alu/logic_output_or0001|   0.000|
x<19>       |    6.480(F)|    1.633(F)|my_alu/logic_output_or0001|   0.000|
x<20>       |    6.889(F)|    1.800(F)|my_alu/logic_output_or0001|   0.000|
x<21>       |    6.766(F)|    2.263(F)|my_alu/logic_output_or0001|   0.000|
x<22>       |    5.954(F)|    2.672(F)|my_alu/logic_output_or0001|   0.000|
x<23>       |    5.706(F)|    1.869(F)|my_alu/logic_output_or0001|   0.000|
x<24>       |    5.243(F)|    2.331(F)|my_alu/logic_output_or0001|   0.000|
x<25>       |    7.203(F)|    2.675(F)|my_alu/logic_output_or0001|   0.000|
x<26>       |    7.112(F)|    2.168(F)|my_alu/logic_output_or0001|   0.000|
x<27>       |    8.085(F)|    2.312(F)|my_alu/logic_output_or0001|   0.000|
x<28>       |    7.888(F)|    1.535(F)|my_alu/logic_output_or0001|   0.000|
x<29>       |    6.941(F)|    2.335(F)|my_alu/logic_output_or0001|   0.000|
x<30>       |    6.030(F)|    3.708(F)|my_alu/logic_output_or0001|   0.000|
x<31>       |    5.613(F)|    3.811(F)|my_alu/logic_output_or0001|   0.000|
y<0>        |    8.082(F)|    2.338(F)|my_alu/logic_output_or0001|   0.000|
y<1>        |    6.392(F)|    3.163(F)|my_alu/logic_output_or0001|   0.000|
y<2>        |    4.325(F)|    3.054(F)|my_alu/logic_output_or0001|   0.000|
y<3>        |    6.275(F)|    2.686(F)|my_alu/logic_output_or0001|   0.000|
y<4>        |    3.159(F)|    3.841(F)|my_alu/logic_output_or0001|   0.000|
y<5>        |    6.693(F)|    2.280(F)|my_alu/logic_output_or0001|   0.000|
y<6>        |    7.527(F)|    3.222(F)|my_alu/logic_output_or0001|   0.000|
y<7>        |    7.406(F)|    3.020(F)|my_alu/logic_output_or0001|   0.000|
y<8>        |    7.389(F)|    1.725(F)|my_alu/logic_output_or0001|   0.000|
y<9>        |    7.050(F)|    2.417(F)|my_alu/logic_output_or0001|   0.000|
y<10>       |    7.058(F)|    1.989(F)|my_alu/logic_output_or0001|   0.000|
y<11>       |    6.899(F)|    3.369(F)|my_alu/logic_output_or0001|   0.000|
y<12>       |    7.026(F)|    2.493(F)|my_alu/logic_output_or0001|   0.000|
y<13>       |    6.769(F)|    2.221(F)|my_alu/logic_output_or0001|   0.000|
y<14>       |    7.528(F)|    3.403(F)|my_alu/logic_output_or0001|   0.000|
y<15>       |    6.956(F)|    2.402(F)|my_alu/logic_output_or0001|   0.000|
y<16>       |    8.899(F)|    3.434(F)|my_alu/logic_output_or0001|   0.000|
y<17>       |    7.729(F)|    1.452(F)|my_alu/logic_output_or0001|   0.000|
y<18>       |    7.295(F)|    1.800(F)|my_alu/logic_output_or0001|   0.000|
y<19>       |    6.947(F)|    2.149(F)|my_alu/logic_output_or0001|   0.000|
y<20>       |    7.285(F)|    1.808(F)|my_alu/logic_output_or0001|   0.000|
y<21>       |    6.939(F)|    2.084(F)|my_alu/logic_output_or0001|   0.000|
y<22>       |    7.680(F)|    1.491(F)|my_alu/logic_output_or0001|   0.000|
y<23>       |    7.286(F)|    1.807(F)|my_alu/logic_output_or0001|   0.000|
y<24>       |    7.720(F)|    2.035(F)|my_alu/logic_output_or0001|   0.000|
y<25>       |    7.289(F)|    2.392(F)|my_alu/logic_output_or0001|   0.000|
y<26>       |   10.002(F)|    0.276(F)|my_alu/logic_output_or0001|   0.000|
y<27>       |    7.001(F)|    2.035(F)|my_alu/logic_output_or0001|   0.000|
y<28>       |    7.347(F)|    1.859(F)|my_alu/logic_output_or0001|   0.000|
y<29>       |    7.444(F)|    3.539(F)|my_alu/logic_output_or0001|   0.000|
y<30>       |    7.046(F)|    2.128(F)|my_alu/logic_output_or0001|   0.000|
y<31>       |    7.036(F)|    3.162(F)|my_alu/logic_output_or0001|   0.000|
------------+------------+------------+--------------------------+--------+

Setup/Hold to clock logicfn<2>
------------+------------+------------+--------------------------+--------+
            |Max Setup to|Max Hold to |                          | Clock  |
Source      | clk (edge) | clk (edge) |Internal Clock(s)         | Phase  |
------------+------------+------------+--------------------------+--------+
x<0>        |    5.657(F)|    2.734(F)|my_alu/logic_output_or0001|   0.000|
x<1>        |    7.454(F)|    2.646(F)|my_alu/logic_output_or0001|   0.000|
x<2>        |    6.591(F)|    3.215(F)|my_alu/logic_output_or0001|   0.000|
x<3>        |    5.883(F)|    3.070(F)|my_alu/logic_output_or0001|   0.000|
x<4>        |    6.407(F)|    2.882(F)|my_alu/logic_output_or0001|   0.000|
x<5>        |    6.145(F)|    3.322(F)|my_alu/logic_output_or0001|   0.000|
x<6>        |    6.861(F)|    3.184(F)|my_alu/logic_output_or0001|   0.000|
x<7>        |    6.743(F)|    3.413(F)|my_alu/logic_output_or0001|   0.000|
x<8>        |    6.890(F)|    3.600(F)|my_alu/logic_output_or0001|   0.000|
x<9>        |    5.869(F)|    2.835(F)|my_alu/logic_output_or0001|   0.000|
x<10>       |    4.989(F)|    3.102(F)|my_alu/logic_output_or0001|   0.000|
x<11>       |    5.025(F)|    2.944(F)|my_alu/logic_output_or0001|   0.000|
x<12>       |    5.149(F)|    4.033(F)|my_alu/logic_output_or0001|   0.000|
x<13>       |    6.378(F)|    2.969(F)|my_alu/logic_output_or0001|   0.000|
x<14>       |    6.408(F)|    2.751(F)|my_alu/logic_output_or0001|   0.000|
x<15>       |    6.226(F)|    2.881(F)|my_alu/logic_output_or0001|   0.000|
x<16>       |    5.020(F)|    3.437(F)|my_alu/logic_output_or0001|   0.000|
x<17>       |    6.904(F)|    2.757(F)|my_alu/logic_output_or0001|   0.000|
x<18>       |    6.675(F)|    3.463(F)|my_alu/logic_output_or0001|   0.000|
x<19>       |    5.860(F)|    2.407(F)|my_alu/logic_output_or0001|   0.000|
x<20>       |    6.269(F)|    2.574(F)|my_alu/logic_output_or0001|   0.000|
x<21>       |    6.146(F)|    3.037(F)|my_alu/logic_output_or0001|   0.000|
x<22>       |    5.334(F)|    3.446(F)|my_alu/logic_output_or0001|   0.000|
x<23>       |    5.086(F)|    2.643(F)|my_alu/logic_output_or0001|   0.000|
x<24>       |    4.623(F)|    3.105(F)|my_alu/logic_output_or0001|   0.000|
x<25>       |    6.583(F)|    3.449(F)|my_alu/logic_output_or0001|   0.000|
x<26>       |    6.492(F)|    2.942(F)|my_alu/logic_output_or0001|   0.000|
x<27>       |    7.465(F)|    3.086(F)|my_alu/logic_output_or0001|   0.000|
x<28>       |    7.268(F)|    2.309(F)|my_alu/logic_output_or0001|   0.000|
x<29>       |    6.321(F)|    3.109(F)|my_alu/logic_output_or0001|   0.000|
x<30>       |    5.410(F)|    4.482(F)|my_alu/logic_output_or0001|   0.000|
x<31>       |    4.993(F)|    4.585(F)|my_alu/logic_output_or0001|   0.000|
y<0>        |    7.462(F)|    3.112(F)|my_alu/logic_output_or0001|   0.000|
y<1>        |    5.772(F)|    3.937(F)|my_alu/logic_output_or0001|   0.000|
y<2>        |    3.705(F)|    3.828(F)|my_alu/logic_output_or0001|   0.000|
y<3>        |    5.655(F)|    3.460(F)|my_alu/logic_output_or0001|   0.000|
y<4>        |    2.539(F)|    4.615(F)|my_alu/logic_output_or0001|   0.000|
y<5>        |    6.073(F)|    3.054(F)|my_alu/logic_output_or0001|   0.000|
y<6>        |    6.907(F)|    3.996(F)|my_alu/logic_output_or0001|   0.000|
y<7>        |    6.786(F)|    3.794(F)|my_alu/logic_output_or0001|   0.000|
y<8>        |    6.769(F)|    2.499(F)|my_alu/logic_output_or0001|   0.000|
y<9>        |    6.430(F)|    3.191(F)|my_alu/logic_output_or0001|   0.000|
y<10>       |    6.438(F)|    2.763(F)|my_alu/logic_output_or0001|   0.000|
y<11>       |    6.279(F)|    4.143(F)|my_alu/logic_output_or0001|   0.000|
y<12>       |    6.406(F)|    3.267(F)|my_alu/logic_output_or0001|   0.000|
y<13>       |    6.149(F)|    2.995(F)|my_alu/logic_output_or0001|   0.000|
y<14>       |    6.908(F)|    4.177(F)|my_alu/logic_output_or0001|   0.000|
y<15>       |    6.336(F)|    3.176(F)|my_alu/logic_output_or0001|   0.000|
y<16>       |    8.279(F)|    4.208(F)|my_alu/logic_output_or0001|   0.000|
y<17>       |    7.109(F)|    2.226(F)|my_alu/logic_output_or0001|   0.000|
y<18>       |    6.675(F)|    2.574(F)|my_alu/logic_output_or0001|   0.000|
y<19>       |    6.327(F)|    2.923(F)|my_alu/logic_output_or0001|   0.000|
y<20>       |    6.665(F)|    2.582(F)|my_alu/logic_output_or0001|   0.000|
y<21>       |    6.319(F)|    2.858(F)|my_alu/logic_output_or0001|   0.000|
y<22>       |    7.060(F)|    2.265(F)|my_alu/logic_output_or0001|   0.000|
y<23>       |    6.666(F)|    2.581(F)|my_alu/logic_output_or0001|   0.000|
y<24>       |    7.100(F)|    2.809(F)|my_alu/logic_output_or0001|   0.000|
y<25>       |    6.669(F)|    3.166(F)|my_alu/logic_output_or0001|   0.000|
y<26>       |    9.382(F)|    1.050(F)|my_alu/logic_output_or0001|   0.000|
y<27>       |    6.381(F)|    2.809(F)|my_alu/logic_output_or0001|   0.000|
y<28>       |    6.727(F)|    2.633(F)|my_alu/logic_output_or0001|   0.000|
y<29>       |    6.824(F)|    4.313(F)|my_alu/logic_output_or0001|   0.000|
y<30>       |    6.426(F)|    2.902(F)|my_alu/logic_output_or0001|   0.000|
y<31>       |    6.416(F)|    3.936(F)|my_alu/logic_output_or0001|   0.000|
------------+------------+------------+--------------------------+--------+

Clock logicfn<0> to Pad
------------+------------+--------------------------+--------+
            | clk (edge) |                          | Clock  |
Destination |   to PAD   |Internal Clock(s)         | Phase  |
------------+------------+--------------------------+--------+
value<0>    |   15.412(F)|my_alu/logic_output_or0001|   0.000|
value<1>    |   15.780(F)|my_alu/logic_output_or0001|   0.000|
value<2>    |   16.736(F)|my_alu/logic_output_or0001|   0.000|
value<3>    |   16.450(F)|my_alu/logic_output_or0001|   0.000|
value<4>    |   16.054(F)|my_alu/logic_output_or0001|   0.000|
value<5>    |   15.539(F)|my_alu/logic_output_or0001|   0.000|
value<6>    |   16.409(F)|my_alu/logic_output_or0001|   0.000|
value<7>    |   16.174(F)|my_alu/logic_output_or0001|   0.000|
value<8>    |   16.171(F)|my_alu/logic_output_or0001|   0.000|
value<9>    |   17.075(F)|my_alu/logic_output_or0001|   0.000|
value<10>   |   16.207(F)|my_alu/logic_output_or0001|   0.000|
value<11>   |   16.837(F)|my_alu/logic_output_or0001|   0.000|
value<12>   |   16.368(F)|my_alu/logic_output_or0001|   0.000|
value<13>   |   16.514(F)|my_alu/logic_output_or0001|   0.000|
value<14>   |   16.180(F)|my_alu/logic_output_or0001|   0.000|
value<15>   |   15.803(F)|my_alu/logic_output_or0001|   0.000|
value<16>   |   14.929(F)|my_alu/logic_output_or0001|   0.000|
value<17>   |   16.236(F)|my_alu/logic_output_or0001|   0.000|
value<18>   |   15.379(F)|my_alu/logic_output_or0001|   0.000|
value<19>   |   15.399(F)|my_alu/logic_output_or0001|   0.000|
value<20>   |   15.100(F)|my_alu/logic_output_or0001|   0.000|
value<21>   |   15.139(F)|my_alu/logic_output_or0001|   0.000|
value<22>   |   15.354(F)|my_alu/logic_output_or0001|   0.000|
value<23>   |   16.129(F)|my_alu/logic_output_or0001|   0.000|
value<24>   |   15.579(F)|my_alu/logic_output_or0001|   0.000|
value<25>   |   15.979(F)|my_alu/logic_output_or0001|   0.000|
value<26>   |   15.642(F)|my_alu/logic_output_or0001|   0.000|
value<27>   |   15.779(F)|my_alu/logic_output_or0001|   0.000|
value<28>   |   16.044(F)|my_alu/logic_output_or0001|   0.000|
value<29>   |   16.035(F)|my_alu/logic_output_or0001|   0.000|
value<30>   |   15.616(F)|my_alu/logic_output_or0001|   0.000|
value<31>   |   14.083(F)|my_alu/logic_output_or0001|   0.000|
------------+------------+--------------------------+--------+

Clock logicfn<1> to Pad
------------+------------+--------------------------+--------+
            | clk (edge) |                          | Clock  |
Destination |   to PAD   |Internal Clock(s)         | Phase  |
------------+------------+--------------------------+--------+
value<0>    |   14.904(F)|my_alu/logic_output_or0001|   0.000|
value<1>    |   15.272(F)|my_alu/logic_output_or0001|   0.000|
value<2>    |   16.228(F)|my_alu/logic_output_or0001|   0.000|
value<3>    |   15.942(F)|my_alu/logic_output_or0001|   0.000|
value<4>    |   15.546(F)|my_alu/logic_output_or0001|   0.000|
value<5>    |   15.031(F)|my_alu/logic_output_or0001|   0.000|
value<6>    |   15.901(F)|my_alu/logic_output_or0001|   0.000|
value<7>    |   15.666(F)|my_alu/logic_output_or0001|   0.000|
value<8>    |   15.663(F)|my_alu/logic_output_or0001|   0.000|
value<9>    |   16.567(F)|my_alu/logic_output_or0001|   0.000|
value<10>   |   15.699(F)|my_alu/logic_output_or0001|   0.000|
value<11>   |   16.329(F)|my_alu/logic_output_or0001|   0.000|
value<12>   |   15.860(F)|my_alu/logic_output_or0001|   0.000|
value<13>   |   16.006(F)|my_alu/logic_output_or0001|   0.000|
value<14>   |   15.672(F)|my_alu/logic_output_or0001|   0.000|
value<15>   |   15.295(F)|my_alu/logic_output_or0001|   0.000|
value<16>   |   14.421(F)|my_alu/logic_output_or0001|   0.000|
value<17>   |   15.728(F)|my_alu/logic_output_or0001|   0.000|
value<18>   |   14.871(F)|my_alu/logic_output_or0001|   0.000|
value<19>   |   14.891(F)|my_alu/logic_output_or0001|   0.000|
value<20>   |   14.592(F)|my_alu/logic_output_or0001|   0.000|
value<21>   |   14.631(F)|my_alu/logic_output_or0001|   0.000|
value<22>   |   14.846(F)|my_alu/logic_output_or0001|   0.000|
value<23>   |   15.621(F)|my_alu/logic_output_or0001|   0.000|
value<24>   |   15.071(F)|my_alu/logic_output_or0001|   0.000|
value<25>   |   15.471(F)|my_alu/logic_output_or0001|   0.000|
value<26>   |   15.134(F)|my_alu/logic_output_or0001|   0.000|
value<27>   |   15.271(F)|my_alu/logic_output_or0001|   0.000|
value<28>   |   15.536(F)|my_alu/logic_output_or0001|   0.000|
value<29>   |   15.527(F)|my_alu/logic_output_or0001|   0.000|
value<30>   |   15.108(F)|my_alu/logic_output_or0001|   0.000|
value<31>   |   13.575(F)|my_alu/logic_output_or0001|   0.000|
------------+------------+--------------------------+--------+

Clock logicfn<2> to Pad
------------+------------+--------------------------+--------+
            | clk (edge) |                          | Clock  |
Destination |   to PAD   |Internal Clock(s)         | Phase  |
------------+------------+--------------------------+--------+
value<0>    |   15.678(F)|my_alu/logic_output_or0001|   0.000|
value<1>    |   16.046(F)|my_alu/logic_output_or0001|   0.000|
value<2>    |   17.002(F)|my_alu/logic_output_or0001|   0.000|
value<3>    |   16.716(F)|my_alu/logic_output_or0001|   0.000|
value<4>    |   16.320(F)|my_alu/logic_output_or0001|   0.000|
value<5>    |   15.805(F)|my_alu/logic_output_or0001|   0.000|
value<6>    |   16.675(F)|my_alu/logic_output_or0001|   0.000|
value<7>    |   16.440(F)|my_alu/logic_output_or0001|   0.000|
value<8>    |   16.437(F)|my_alu/logic_output_or0001|   0.000|
value<9>    |   17.341(F)|my_alu/logic_output_or0001|   0.000|
value<10>   |   16.473(F)|my_alu/logic_output_or0001|   0.000|
value<11>   |   17.103(F)|my_alu/logic_output_or0001|   0.000|
value<12>   |   16.634(F)|my_alu/logic_output_or0001|   0.000|
value<13>   |   16.780(F)|my_alu/logic_output_or0001|   0.000|
value<14>   |   16.446(F)|my_alu/logic_output_or0001|   0.000|
value<15>   |   16.069(F)|my_alu/logic_output_or0001|   0.000|
value<16>   |   15.195(F)|my_alu/logic_output_or0001|   0.000|
value<17>   |   16.502(F)|my_alu/logic_output_or0001|   0.000|
value<18>   |   15.645(F)|my_alu/logic_output_or0001|   0.000|
value<19>   |   15.665(F)|my_alu/logic_output_or0001|   0.000|
value<20>   |   15.366(F)|my_alu/logic_output_or0001|   0.000|
value<21>   |   15.405(F)|my_alu/logic_output_or0001|   0.000|
value<22>   |   15.620(F)|my_alu/logic_output_or0001|   0.000|
value<23>   |   16.395(F)|my_alu/logic_output_or0001|   0.000|
value<24>   |   15.845(F)|my_alu/logic_output_or0001|   0.000|
value<25>   |   16.245(F)|my_alu/logic_output_or0001|   0.000|
value<26>   |   15.908(F)|my_alu/logic_output_or0001|   0.000|
value<27>   |   16.045(F)|my_alu/logic_output_or0001|   0.000|
value<28>   |   16.310(F)|my_alu/logic_output_or0001|   0.000|
value<29>   |   16.301(F)|my_alu/logic_output_or0001|   0.000|
value<30>   |   15.882(F)|my_alu/logic_output_or0001|   0.000|
value<31>   |   14.349(F)|my_alu/logic_output_or0001|   0.000|
------------+------------+--------------------------+--------+

Clock to Setup on destination clock logicfn<0>
---------------+---------+---------+---------+---------+
               | Src:Rise| Src:Fall| Src:Rise| Src:Fall|
Source Clock   |Dest:Rise|Dest:Rise|Dest:Fall|Dest:Fall|
---------------+---------+---------+---------+---------+
logicfn<0>     |         |         |    1.419|    1.419|
logicfn<1>     |         |         |    1.256|    1.256|
logicfn<2>     |         |         |   -0.757|   -0.757|
---------------+---------+---------+---------+---------+

Clock to Setup on destination clock logicfn<1>
---------------+---------+---------+---------+---------+
               | Src:Rise| Src:Fall| Src:Rise| Src:Fall|
Source Clock   |Dest:Rise|Dest:Rise|Dest:Fall|Dest:Fall|
---------------+---------+---------+---------+---------+
logicfn<0>     |         |         |    1.826|    1.826|
logicfn<1>     |         |         |    1.663|    1.663|
logicfn<2>     |         |         |   -0.350|   -0.350|
---------------+---------+---------+---------+---------+

Clock to Setup on destination clock logicfn<2>
---------------+---------+---------+---------+---------+
               | Src:Rise| Src:Fall| Src:Rise| Src:Fall|
Source Clock   |Dest:Rise|Dest:Rise|Dest:Fall|Dest:Fall|
---------------+---------+---------+---------+---------+
logicfn<0>     |         |         |    1.206|    1.206|
logicfn<1>     |         |         |    1.043|    1.043|
logicfn<2>     |         |         |   -0.970|   -0.970|
---------------+---------+---------+---------+---------+

Pad to Pad
---------------+---------------+---------+
Source Pad     |Destination Pad|  Delay  |
---------------+---------------+---------+
fn             |value<0>       |   12.855|
fn             |value<1>       |   10.989|
fn             |value<2>       |   14.775|
fn             |value<3>       |   14.934|
fn             |value<4>       |   16.377|
fn             |value<5>       |   16.579|
fn             |value<6>       |   18.015|
fn             |value<7>       |   18.635|
fn             |value<8>       |   19.213|
fn             |value<9>       |   21.291|
fn             |value<10>      |   21.030|
fn             |value<11>      |   22.272|
fn             |value<12>      |   23.445|
fn             |value<13>      |   24.100|
fn             |value<14>      |   24.808|
fn             |value<15>      |   26.142|
fn             |value<16>      |   26.536|
fn             |value<17>      |   27.971|
fn             |value<18>      |   27.899|
fn             |value<19>      |   29.092|
fn             |value<20>      |   29.851|
fn             |value<21>      |   31.442|
fn             |value<22>      |   31.997|
fn             |value<23>      |   33.578|
fn             |value<24>      |   34.566|
fn             |value<25>      |   35.886|
fn             |value<26>      |   36.024|
fn             |value<27>      |   37.289|
fn             |value<28>      |   38.040|
fn             |value<29>      |   38.179|
fn             |value<30>      |   38.794|
fn             |value<31>      |   39.655|
fnclass        |value<0>       |   11.400|
fnclass        |value<1>       |   11.265|
fnclass        |value<2>       |   12.047|
fnclass        |value<3>       |   11.788|
fnclass        |value<4>       |   11.655|
fnclass        |value<5>       |   11.261|
fnclass        |value<6>       |   11.806|
fnclass        |value<7>       |   11.424|
fnclass        |value<8>       |   11.578|
fnclass        |value<9>       |   12.519|
fnclass        |value<10>      |   12.062|
fnclass        |value<11>      |   11.884|
fnclass        |value<12>      |   11.929|
fnclass        |value<13>      |   12.541|
fnclass        |value<14>      |   12.029|
fnclass        |value<15>      |   11.811|
fnclass        |value<16>      |   12.265|
fnclass        |value<17>      |   12.581|
fnclass        |value<18>      |   11.733|
fnclass        |value<19>      |   11.408|
fnclass        |value<20>      |   11.404|
fnclass        |value<21>      |   11.407|
fnclass        |value<22>      |   11.698|
fnclass        |value<23>      |   11.366|
fnclass        |value<24>      |   11.765|
fnclass        |value<25>      |   12.332|
fnclass        |value<26>      |   11.196|
fnclass        |value<27>      |   12.461|
fnclass        |value<28>      |   11.884|
fnclass        |value<29>      |   12.463|
fnclass        |value<30>      |   11.685|
fnclass        |value<31>      |   10.243|
x<0>           |value<0>       |   11.950|
x<0>           |value<1>       |   12.259|
x<0>           |value<2>       |   13.761|
x<0>           |value<3>       |   13.920|
x<0>           |value<4>       |   15.363|
x<0>           |value<5>       |   15.565|
x<0>           |value<6>       |   17.001|
x<0>           |value<7>       |   17.621|
x<0>           |value<8>       |   18.199|
x<0>           |value<9>       |   20.277|
x<0>           |value<10>      |   20.016|
x<0>           |value<11>      |   21.258|
x<0>           |value<12>      |   22.431|
x<0>           |value<13>      |   23.086|
x<0>           |value<14>      |   23.794|
x<0>           |value<15>      |   25.128|
x<0>           |value<16>      |   25.522|
x<0>           |value<17>      |   26.957|
x<0>           |value<18>      |   26.885|
x<0>           |value<19>      |   28.078|
x<0>           |value<20>      |   28.837|
x<0>           |value<21>      |   30.428|
x<0>           |value<22>      |   30.983|
x<0>           |value<23>      |   32.564|
x<0>           |value<24>      |   33.552|
x<0>           |value<25>      |   34.872|
x<0>           |value<26>      |   35.010|
x<0>           |value<27>      |   36.275|
x<0>           |value<28>      |   37.026|
x<0>           |value<29>      |   37.165|
x<0>           |value<30>      |   37.780|
x<0>           |value<31>      |   38.641|
x<0>           |zeroflag       |   10.917|
x<1>           |value<1>       |   12.577|
x<1>           |value<2>       |   15.364|
x<1>           |value<3>       |   15.523|
x<1>           |value<4>       |   16.966|
x<1>           |value<5>       |   17.168|
x<1>           |value<6>       |   18.604|
x<1>           |value<7>       |   19.224|
x<1>           |value<8>       |   19.802|
x<1>           |value<9>       |   21.880|
x<1>           |value<10>      |   21.619|
x<1>           |value<11>      |   22.861|
x<1>           |value<12>      |   24.034|
x<1>           |value<13>      |   24.689|
x<1>           |value<14>      |   25.397|
x<1>           |value<15>      |   26.731|
x<1>           |value<16>      |   27.125|
x<1>           |value<17>      |   28.560|
x<1>           |value<18>      |   28.488|
x<1>           |value<19>      |   29.681|
x<1>           |value<20>      |   30.440|
x<1>           |value<21>      |   32.031|
x<1>           |value<22>      |   32.586|
x<1>           |value<23>      |   34.167|
x<1>           |value<24>      |   35.155|
x<1>           |value<25>      |   36.475|
x<1>           |value<26>      |   36.613|
x<1>           |value<27>      |   37.878|
x<1>           |value<28>      |   38.629|
x<1>           |value<29>      |   38.768|
x<1>           |value<30>      |   39.383|
x<1>           |value<31>      |   40.244|
x<1>           |zeroflag       |   11.823|
x<2>           |value<2>       |   11.306|
x<2>           |value<3>       |   11.848|
x<2>           |value<4>       |   13.291|
x<2>           |value<5>       |   13.493|
x<2>           |value<6>       |   14.929|
x<2>           |value<7>       |   15.549|
x<2>           |value<8>       |   16.127|
x<2>           |value<9>       |   18.205|
x<2>           |value<10>      |   17.944|
x<2>           |value<11>      |   19.186|
x<2>           |value<12>      |   20.359|
x<2>           |value<13>      |   21.014|
x<2>           |value<14>      |   21.722|
x<2>           |value<15>      |   23.056|
x<2>           |value<16>      |   23.450|
x<2>           |value<17>      |   24.885|
x<2>           |value<18>      |   24.813|
x<2>           |value<19>      |   26.006|
x<2>           |value<20>      |   26.765|
x<2>           |value<21>      |   28.356|
x<2>           |value<22>      |   28.911|
x<2>           |value<23>      |   30.492|
x<2>           |value<24>      |   31.480|
x<2>           |value<25>      |   32.800|
x<2>           |value<26>      |   32.938|
x<2>           |value<27>      |   34.203|
x<2>           |value<28>      |   34.954|
x<2>           |value<29>      |   35.093|
x<2>           |value<30>      |   35.708|
x<2>           |value<31>      |   36.569|
x<2>           |zeroflag       |   10.854|
x<3>           |value<3>       |   11.149|
x<3>           |value<4>       |   12.372|
x<3>           |value<5>       |   12.574|
x<3>           |value<6>       |   14.010|
x<3>           |value<7>       |   14.630|
x<3>           |value<8>       |   15.208|
x<3>           |value<9>       |   17.286|
x<3>           |value<10>      |   17.025|
x<3>           |value<11>      |   18.267|
x<3>           |value<12>      |   19.440|
x<3>           |value<13>      |   20.095|
x<3>           |value<14>      |   20.803|
x<3>           |value<15>      |   22.137|
x<3>           |value<16>      |   22.531|
x<3>           |value<17>      |   23.966|
x<3>           |value<18>      |   23.894|
x<3>           |value<19>      |   25.087|
x<3>           |value<20>      |   25.846|
x<3>           |value<21>      |   27.437|
x<3>           |value<22>      |   27.992|
x<3>           |value<23>      |   29.573|
x<3>           |value<24>      |   30.561|
x<3>           |value<25>      |   31.881|
x<3>           |value<26>      |   32.019|
x<3>           |value<27>      |   33.284|
x<3>           |value<28>      |   34.035|
x<3>           |value<29>      |   34.174|
x<3>           |value<30>      |   34.789|
x<3>           |value<31>      |   35.650|
x<3>           |zeroflag       |   10.964|
x<4>           |value<4>       |   12.013|
x<4>           |value<5>       |   12.035|
x<4>           |value<6>       |   13.471|
x<4>           |value<7>       |   14.091|
x<4>           |value<8>       |   14.669|
x<4>           |value<9>       |   16.747|
x<4>           |value<10>      |   16.486|
x<4>           |value<11>      |   17.728|
x<4>           |value<12>      |   18.901|
x<4>           |value<13>      |   19.556|
x<4>           |value<14>      |   20.264|
x<4>           |value<15>      |   21.598|
x<4>           |value<16>      |   21.992|
x<4>           |value<17>      |   23.427|
x<4>           |value<18>      |   23.355|
x<4>           |value<19>      |   24.548|
x<4>           |value<20>      |   25.307|
x<4>           |value<21>      |   26.898|
x<4>           |value<22>      |   27.453|
x<4>           |value<23>      |   29.034|
x<4>           |value<24>      |   30.022|
x<4>           |value<25>      |   31.342|
x<4>           |value<26>      |   31.480|
x<4>           |value<27>      |   32.745|
x<4>           |value<28>      |   33.496|
x<4>           |value<29>      |   33.635|
x<4>           |value<30>      |   34.250|
x<4>           |value<31>      |   35.111|
x<4>           |zeroflag       |   10.497|
x<5>           |value<5>       |   11.937|
x<5>           |value<6>       |   13.569|
x<5>           |value<7>       |   14.189|
x<5>           |value<8>       |   14.767|
x<5>           |value<9>       |   16.845|
x<5>           |value<10>      |   16.584|
x<5>           |value<11>      |   17.826|
x<5>           |value<12>      |   18.999|
x<5>           |value<13>      |   19.654|
x<5>           |value<14>      |   20.362|
x<5>           |value<15>      |   21.696|
x<5>           |value<16>      |   22.090|
x<5>           |value<17>      |   23.525|
x<5>           |value<18>      |   23.453|
x<5>           |value<19>      |   24.646|
x<5>           |value<20>      |   25.405|
x<5>           |value<21>      |   26.996|
x<5>           |value<22>      |   27.551|
x<5>           |value<23>      |   29.132|
x<5>           |value<24>      |   30.120|
x<5>           |value<25>      |   31.440|
x<5>           |value<26>      |   31.578|
x<5>           |value<27>      |   32.843|
x<5>           |value<28>      |   33.594|
x<5>           |value<29>      |   33.733|
x<5>           |value<30>      |   34.348|
x<5>           |value<31>      |   35.209|
x<5>           |zeroflag       |   10.628|
x<6>           |value<6>       |   11.050|
x<6>           |value<7>       |   12.044|
x<6>           |value<8>       |   12.622|
x<6>           |value<9>       |   14.700|
x<6>           |value<10>      |   14.439|
x<6>           |value<11>      |   15.681|
x<6>           |value<12>      |   16.854|
x<6>           |value<13>      |   17.509|
x<6>           |value<14>      |   18.217|
x<6>           |value<15>      |   19.551|
x<6>           |value<16>      |   19.945|
x<6>           |value<17>      |   21.380|
x<6>           |value<18>      |   21.308|
x<6>           |value<19>      |   22.501|
x<6>           |value<20>      |   23.260|
x<6>           |value<21>      |   24.851|
x<6>           |value<22>      |   25.406|
x<6>           |value<23>      |   26.987|
x<6>           |value<24>      |   27.975|
x<6>           |value<25>      |   29.295|
x<6>           |value<26>      |   29.433|
x<6>           |value<27>      |   30.698|
x<6>           |value<28>      |   31.449|
x<6>           |value<29>      |   31.588|
x<6>           |value<30>      |   32.203|
x<6>           |value<31>      |   33.064|
x<6>           |zeroflag       |   11.434|
x<7>           |value<7>       |   11.114|
x<7>           |value<8>       |   12.915|
x<7>           |value<9>       |   14.993|
x<7>           |value<10>      |   14.732|
x<7>           |value<11>      |   15.974|
x<7>           |value<12>      |   17.147|
x<7>           |value<13>      |   17.802|
x<7>           |value<14>      |   18.510|
x<7>           |value<15>      |   19.844|
x<7>           |value<16>      |   20.238|
x<7>           |value<17>      |   21.673|
x<7>           |value<18>      |   21.601|
x<7>           |value<19>      |   22.794|
x<7>           |value<20>      |   23.553|
x<7>           |value<21>      |   25.144|
x<7>           |value<22>      |   25.699|
x<7>           |value<23>      |   27.280|
x<7>           |value<24>      |   28.268|
x<7>           |value<25>      |   29.588|
x<7>           |value<26>      |   29.726|
x<7>           |value<27>      |   30.991|
x<7>           |value<28>      |   31.742|
x<7>           |value<29>      |   31.881|
x<7>           |value<30>      |   32.496|
x<7>           |value<31>      |   33.357|
x<7>           |zeroflag       |   10.689|
x<8>           |value<8>       |   11.509|
x<8>           |value<9>       |   13.412|
x<8>           |value<10>      |   13.151|
x<8>           |value<11>      |   14.393|
x<8>           |value<12>      |   15.566|
x<8>           |value<13>      |   16.221|
x<8>           |value<14>      |   16.929|
x<8>           |value<15>      |   18.263|
x<8>           |value<16>      |   18.657|
x<8>           |value<17>      |   20.092|
x<8>           |value<18>      |   20.020|
x<8>           |value<19>      |   21.213|
x<8>           |value<20>      |   21.972|
x<8>           |value<21>      |   23.563|
x<8>           |value<22>      |   24.118|
x<8>           |value<23>      |   25.699|
x<8>           |value<24>      |   26.687|
x<8>           |value<25>      |   28.007|
x<8>           |value<26>      |   28.145|
x<8>           |value<27>      |   29.410|
x<8>           |value<28>      |   30.161|
x<8>           |value<29>      |   30.300|
x<8>           |value<30>      |   30.915|
x<8>           |value<31>      |   31.776|
x<8>           |zeroflag       |   10.502|
x<9>           |value<9>       |   11.771|
x<9>           |value<10>      |   12.327|
x<9>           |value<11>      |   13.569|
x<9>           |value<12>      |   14.742|
x<9>           |value<13>      |   15.397|
x<9>           |value<14>      |   16.105|
x<9>           |value<15>      |   17.439|
x<9>           |value<16>      |   17.833|
x<9>           |value<17>      |   19.268|
x<9>           |value<18>      |   19.196|
x<9>           |value<19>      |   20.389|
x<9>           |value<20>      |   21.148|
x<9>           |value<21>      |   22.739|
x<9>           |value<22>      |   23.294|
x<9>           |value<23>      |   24.875|
x<9>           |value<24>      |   25.863|
x<9>           |value<25>      |   27.183|
x<9>           |value<26>      |   27.321|
x<9>           |value<27>      |   28.586|
x<9>           |value<28>      |   29.337|
x<9>           |value<29>      |   29.476|
x<9>           |value<30>      |   30.091|
x<9>           |value<31>      |   30.952|
x<9>           |zeroflag       |    9.716|
x<10>          |value<10>      |   12.188|
x<10>          |value<11>      |   13.066|
x<10>          |value<12>      |   14.239|
x<10>          |value<13>      |   14.894|
x<10>          |value<14>      |   15.602|
x<10>          |value<15>      |   16.936|
x<10>          |value<16>      |   17.330|
x<10>          |value<17>      |   18.765|
x<10>          |value<18>      |   18.693|
x<10>          |value<19>      |   19.886|
x<10>          |value<20>      |   20.645|
x<10>          |value<21>      |   22.236|
x<10>          |value<22>      |   22.791|
x<10>          |value<23>      |   24.372|
x<10>          |value<24>      |   25.360|
x<10>          |value<25>      |   26.680|
x<10>          |value<26>      |   26.818|
x<10>          |value<27>      |   28.083|
x<10>          |value<28>      |   28.834|
x<10>          |value<29>      |   28.973|
x<10>          |value<30>      |   29.588|
x<10>          |value<31>      |   30.449|
x<10>          |zeroflag       |   10.007|
x<11>          |value<11>      |   13.044|
x<11>          |value<12>      |   14.046|
x<11>          |value<13>      |   14.701|
x<11>          |value<14>      |   15.409|
x<11>          |value<15>      |   16.743|
x<11>          |value<16>      |   17.137|
x<11>          |value<17>      |   18.572|
x<11>          |value<18>      |   18.500|
x<11>          |value<19>      |   19.693|
x<11>          |value<20>      |   20.452|
x<11>          |value<21>      |   22.043|
x<11>          |value<22>      |   22.598|
x<11>          |value<23>      |   24.179|
x<11>          |value<24>      |   25.167|
x<11>          |value<25>      |   26.487|
x<11>          |value<26>      |   26.625|
x<11>          |value<27>      |   27.890|
x<11>          |value<28>      |   28.641|
x<11>          |value<29>      |   28.780|
x<11>          |value<30>      |   29.395|
x<11>          |value<31>      |   30.256|
x<11>          |zeroflag       |   10.046|
x<12>          |value<12>      |   11.571|
x<12>          |value<13>      |   12.116|
x<12>          |value<14>      |   12.824|
x<12>          |value<15>      |   14.158|
x<12>          |value<16>      |   14.552|
x<12>          |value<17>      |   15.987|
x<12>          |value<18>      |   15.915|
x<12>          |value<19>      |   17.108|
x<12>          |value<20>      |   17.867|
x<12>          |value<21>      |   19.458|
x<12>          |value<22>      |   20.013|
x<12>          |value<23>      |   21.594|
x<12>          |value<24>      |   22.582|
x<12>          |value<25>      |   23.902|
x<12>          |value<26>      |   24.040|
x<12>          |value<27>      |   25.305|
x<12>          |value<28>      |   26.056|
x<12>          |value<29>      |   26.195|
x<12>          |value<30>      |   26.810|
x<12>          |value<31>      |   27.671|
x<12>          |zeroflag       |    9.494|
x<13>          |value<13>      |   13.110|
x<13>          |value<14>      |   13.743|
x<13>          |value<15>      |   15.077|
x<13>          |value<16>      |   15.471|
x<13>          |value<17>      |   16.906|
x<13>          |value<18>      |   16.834|
x<13>          |value<19>      |   18.027|
x<13>          |value<20>      |   18.786|
x<13>          |value<21>      |   20.377|
x<13>          |value<22>      |   20.932|
x<13>          |value<23>      |   22.513|
x<13>          |value<24>      |   23.501|
x<13>          |value<25>      |   24.821|
x<13>          |value<26>      |   24.959|
x<13>          |value<27>      |   26.224|
x<13>          |value<28>      |   26.975|
x<13>          |value<29>      |   27.114|
x<13>          |value<30>      |   27.729|
x<13>          |value<31>      |   28.590|
x<13>          |zeroflag       |   10.392|
x<14>          |value<14>      |   10.728|
x<14>          |value<15>      |   11.713|
x<14>          |value<16>      |   12.107|
x<14>          |value<17>      |   13.542|
x<14>          |value<18>      |   13.470|
x<14>          |value<19>      |   14.663|
x<14>          |value<20>      |   15.422|
x<14>          |value<21>      |   17.013|
x<14>          |value<22>      |   17.568|
x<14>          |value<23>      |   19.149|
x<14>          |value<24>      |   20.137|
x<14>          |value<25>      |   21.457|
x<14>          |value<26>      |   21.595|
x<14>          |value<27>      |   22.860|
x<14>          |value<28>      |   23.611|
x<14>          |value<29>      |   23.750|
x<14>          |value<30>      |   24.365|
x<14>          |value<31>      |   25.226|
x<14>          |zeroflag       |    9.612|
x<15>          |value<15>      |   11.684|
x<15>          |value<16>      |   12.277|
x<15>          |value<17>      |   13.712|
x<15>          |value<18>      |   13.640|
x<15>          |value<19>      |   14.833|
x<15>          |value<20>      |   15.592|
x<15>          |value<21>      |   17.183|
x<15>          |value<22>      |   17.738|
x<15>          |value<23>      |   19.319|
x<15>          |value<24>      |   20.307|
x<15>          |value<25>      |   21.627|
x<15>          |value<26>      |   21.765|
x<15>          |value<27>      |   23.030|
x<15>          |value<28>      |   23.781|
x<15>          |value<29>      |   23.920|
x<15>          |value<30>      |   24.535|
x<15>          |value<31>      |   25.396|
x<15>          |zeroflag       |   10.597|
x<16>          |value<16>      |   11.135|
x<16>          |value<17>      |   12.861|
x<16>          |value<18>      |   12.789|
x<16>          |value<19>      |   13.982|
x<16>          |value<20>      |   14.741|
x<16>          |value<21>      |   16.332|
x<16>          |value<22>      |   16.887|
x<16>          |value<23>      |   18.468|
x<16>          |value<24>      |   19.456|
x<16>          |value<25>      |   20.776|
x<16>          |value<26>      |   20.914|
x<16>          |value<27>      |   22.179|
x<16>          |value<28>      |   22.930|
x<16>          |value<29>      |   23.069|
x<16>          |value<30>      |   23.684|
x<16>          |value<31>      |   24.545|
x<16>          |zeroflag       |    9.481|
x<17>          |value<17>      |   12.691|
x<17>          |value<18>      |   12.681|
x<17>          |value<19>      |   13.874|
x<17>          |value<20>      |   14.633|
x<17>          |value<21>      |   16.224|
x<17>          |value<22>      |   16.779|
x<17>          |value<23>      |   18.360|
x<17>          |value<24>      |   19.348|
x<17>          |value<25>      |   20.668|
x<17>          |value<26>      |   20.806|
x<17>          |value<27>      |   22.071|
x<17>          |value<28>      |   22.822|
x<17>          |value<29>      |   22.961|
x<17>          |value<30>      |   23.576|
x<17>          |value<31>      |   24.437|
x<17>          |zeroflag       |    9.879|
x<18>          |value<18>      |   10.550|
x<18>          |value<19>      |   11.911|
x<18>          |value<20>      |   12.670|
x<18>          |value<21>      |   14.261|
x<18>          |value<22>      |   14.816|
x<18>          |value<23>      |   16.397|
x<18>          |value<24>      |   17.385|
x<18>          |value<25>      |   18.705|
x<18>          |value<26>      |   18.843|
x<18>          |value<27>      |   20.108|
x<18>          |value<28>      |   20.859|
x<18>          |value<29>      |   20.998|
x<18>          |value<30>      |   21.613|
x<18>          |value<31>      |   22.474|
x<18>          |zeroflag       |    9.555|
x<19>          |value<19>      |   12.074|
x<19>          |value<20>      |   13.168|
x<19>          |value<21>      |   14.759|
x<19>          |value<22>      |   15.314|
x<19>          |value<23>      |   16.895|
x<19>          |value<24>      |   17.883|
x<19>          |value<25>      |   19.203|
x<19>          |value<26>      |   19.341|
x<19>          |value<27>      |   20.606|
x<19>          |value<28>      |   21.357|
x<19>          |value<29>      |   21.496|
x<19>          |value<30>      |   22.111|
x<19>          |value<31>      |   22.972|
x<19>          |zeroflag       |    9.230|
x<20>          |value<20>      |   10.961|
x<20>          |value<21>      |   12.279|
x<20>          |value<22>      |   12.834|
x<20>          |value<23>      |   14.415|
x<20>          |value<24>      |   15.403|
x<20>          |value<25>      |   16.723|
x<20>          |value<26>      |   16.861|
x<20>          |value<27>      |   18.126|
x<20>          |value<28>      |   18.877|
x<20>          |value<29>      |   19.016|
x<20>          |value<30>      |   19.631|
x<20>          |value<31>      |   20.492|
x<20>          |zeroflag       |   10.273|
x<21>          |value<21>      |   10.760|
x<21>          |value<22>      |   11.352|
x<21>          |value<23>      |   12.933|
x<21>          |value<24>      |   13.921|
x<21>          |value<25>      |   15.241|
x<21>          |value<26>      |   15.379|
x<21>          |value<27>      |   16.644|
x<21>          |value<28>      |   17.395|
x<21>          |value<29>      |   17.534|
x<21>          |value<30>      |   18.149|
x<21>          |value<31>      |   19.010|
x<21>          |zeroflag       |    9.396|
x<22>          |value<22>      |   10.594|
x<22>          |value<23>      |   12.092|
x<22>          |value<24>      |   13.080|
x<22>          |value<25>      |   14.400|
x<22>          |value<26>      |   14.538|
x<22>          |value<27>      |   15.803|
x<22>          |value<28>      |   16.554|
x<22>          |value<29>      |   16.693|
x<22>          |value<30>      |   17.308|
x<22>          |value<31>      |   18.169|
x<22>          |zeroflag       |    9.948|
x<23>          |value<23>      |   11.893|
x<23>          |value<24>      |   12.594|
x<23>          |value<25>      |   13.914|
x<23>          |value<26>      |   14.052|
x<23>          |value<27>      |   15.317|
x<23>          |value<28>      |   16.068|
x<23>          |value<29>      |   16.207|
x<23>          |value<30>      |   16.822|
x<23>          |value<31>      |   17.683|
x<23>          |zeroflag       |   10.115|
x<24>          |value<24>      |   12.088|
x<24>          |value<25>      |   13.075|
x<24>          |value<26>      |   13.213|
x<24>          |value<27>      |   14.478|
x<24>          |value<28>      |   15.229|
x<24>          |value<29>      |   15.368|
x<24>          |value<30>      |   15.983|
x<24>          |value<31>      |   16.844|
x<24>          |zeroflag       |    9.461|
x<25>          |value<25>      |   11.412|
x<25>          |value<26>      |   12.289|
x<25>          |value<27>      |   13.554|
x<25>          |value<28>      |   14.305|
x<25>          |value<29>      |   14.444|
x<25>          |value<30>      |   15.059|
x<25>          |value<31>      |   15.920|
x<25>          |zeroflag       |    9.020|
x<26>          |value<26>      |   12.307|
x<26>          |value<27>      |   13.465|
x<26>          |value<28>      |   14.216|
x<26>          |value<29>      |   14.355|
x<26>          |value<30>      |   14.970|
x<26>          |value<31>      |   15.831|
x<26>          |zeroflag       |    9.753|
x<27>          |value<27>      |   12.292|
x<27>          |value<28>      |   13.469|
x<27>          |value<29>      |   13.608|
x<27>          |value<30>      |   14.223|
x<27>          |value<31>      |   15.084|
x<27>          |zeroflag       |    9.288|
x<28>          |value<28>      |   12.809|
x<28>          |value<29>      |   13.648|
x<28>          |value<30>      |   14.263|
x<28>          |value<31>      |   15.124|
x<28>          |zeroflag       |    9.861|
x<29>          |value<29>      |   11.852|
x<29>          |value<30>      |   13.216|
x<29>          |value<31>      |   14.077|
x<29>          |zeroflag       |    9.992|
x<30>          |value<30>      |   10.402|
x<30>          |value<31>      |   10.194|
x<30>          |zeroflag       |    9.874|
x<31>          |msb            |    5.731|
x<31>          |value<31>      |   10.824|
x<31>          |zeroflag       |    9.390|
y<0>           |value<0>       |   11.934|
y<0>           |value<1>       |   11.978|
y<0>           |value<2>       |   13.575|
y<0>           |value<3>       |   13.734|
y<0>           |value<4>       |   15.177|
y<0>           |value<5>       |   15.379|
y<0>           |value<6>       |   16.815|
y<0>           |value<7>       |   17.435|
y<0>           |value<8>       |   18.013|
y<0>           |value<9>       |   20.091|
y<0>           |value<10>      |   19.830|
y<0>           |value<11>      |   21.072|
y<0>           |value<12>      |   22.245|
y<0>           |value<13>      |   22.900|
y<0>           |value<14>      |   23.608|
y<0>           |value<15>      |   24.942|
y<0>           |value<16>      |   25.336|
y<0>           |value<17>      |   26.771|
y<0>           |value<18>      |   26.699|
y<0>           |value<19>      |   27.892|
y<0>           |value<20>      |   28.651|
y<0>           |value<21>      |   30.242|
y<0>           |value<22>      |   30.797|
y<0>           |value<23>      |   32.378|
y<0>           |value<24>      |   33.366|
y<0>           |value<25>      |   34.686|
y<0>           |value<26>      |   34.824|
y<0>           |value<27>      |   36.089|
y<0>           |value<28>      |   36.840|
y<0>           |value<29>      |   36.979|
y<0>           |value<30>      |   37.594|
y<0>           |value<31>      |   38.455|
y<1>           |value<1>       |   11.697|
y<1>           |value<2>       |   15.428|
y<1>           |value<3>       |   15.587|
y<1>           |value<4>       |   17.030|
y<1>           |value<5>       |   17.232|
y<1>           |value<6>       |   18.668|
y<1>           |value<7>       |   19.288|
y<1>           |value<8>       |   19.866|
y<1>           |value<9>       |   21.944|
y<1>           |value<10>      |   21.683|
y<1>           |value<11>      |   22.925|
y<1>           |value<12>      |   24.098|
y<1>           |value<13>      |   24.753|
y<1>           |value<14>      |   25.461|
y<1>           |value<15>      |   26.795|
y<1>           |value<16>      |   27.189|
y<1>           |value<17>      |   28.624|
y<1>           |value<18>      |   28.552|
y<1>           |value<19>      |   29.745|
y<1>           |value<20>      |   30.504|
y<1>           |value<21>      |   32.095|
y<1>           |value<22>      |   32.650|
y<1>           |value<23>      |   34.231|
y<1>           |value<24>      |   35.219|
y<1>           |value<25>      |   36.539|
y<1>           |value<26>      |   36.677|
y<1>           |value<27>      |   37.942|
y<1>           |value<28>      |   38.693|
y<1>           |value<29>      |   38.832|
y<1>           |value<30>      |   39.447|
y<1>           |value<31>      |   40.308|
y<2>           |value<2>       |   12.613|
y<2>           |value<3>       |   13.175|
y<2>           |value<4>       |   14.618|
y<2>           |value<5>       |   14.820|
y<2>           |value<6>       |   16.256|
y<2>           |value<7>       |   16.876|
y<2>           |value<8>       |   17.454|
y<2>           |value<9>       |   19.532|
y<2>           |value<10>      |   19.271|
y<2>           |value<11>      |   20.513|
y<2>           |value<12>      |   21.686|
y<2>           |value<13>      |   22.341|
y<2>           |value<14>      |   23.049|
y<2>           |value<15>      |   24.383|
y<2>           |value<16>      |   24.777|
y<2>           |value<17>      |   26.212|
y<2>           |value<18>      |   26.140|
y<2>           |value<19>      |   27.333|
y<2>           |value<20>      |   28.092|
y<2>           |value<21>      |   29.683|
y<2>           |value<22>      |   30.238|
y<2>           |value<23>      |   31.819|
y<2>           |value<24>      |   32.807|
y<2>           |value<25>      |   34.127|
y<2>           |value<26>      |   34.265|
y<2>           |value<27>      |   35.530|
y<2>           |value<28>      |   36.281|
y<2>           |value<29>      |   36.420|
y<2>           |value<30>      |   37.035|
y<2>           |value<31>      |   37.896|
y<3>           |value<3>       |   13.677|
y<3>           |value<4>       |   15.107|
y<3>           |value<5>       |   15.309|
y<3>           |value<6>       |   16.745|
y<3>           |value<7>       |   17.365|
y<3>           |value<8>       |   17.943|
y<3>           |value<9>       |   20.021|
y<3>           |value<10>      |   19.760|
y<3>           |value<11>      |   21.002|
y<3>           |value<12>      |   22.175|
y<3>           |value<13>      |   22.830|
y<3>           |value<14>      |   23.538|
y<3>           |value<15>      |   24.872|
y<3>           |value<16>      |   25.266|
y<3>           |value<17>      |   26.701|
y<3>           |value<18>      |   26.629|
y<3>           |value<19>      |   27.822|
y<3>           |value<20>      |   28.581|
y<3>           |value<21>      |   30.172|
y<3>           |value<22>      |   30.727|
y<3>           |value<23>      |   32.308|
y<3>           |value<24>      |   33.296|
y<3>           |value<25>      |   34.616|
y<3>           |value<26>      |   34.754|
y<3>           |value<27>      |   36.019|
y<3>           |value<28>      |   36.770|
y<3>           |value<29>      |   36.909|
y<3>           |value<30>      |   37.524|
y<3>           |value<31>      |   38.385|
y<4>           |value<4>       |    9.971|
y<4>           |value<5>       |   10.494|
y<4>           |value<6>       |   11.930|
y<4>           |value<7>       |   12.550|
y<4>           |value<8>       |   13.128|
y<4>           |value<9>       |   15.206|
y<4>           |value<10>      |   14.945|
y<4>           |value<11>      |   16.187|
y<4>           |value<12>      |   17.360|
y<4>           |value<13>      |   18.015|
y<4>           |value<14>      |   18.723|
y<4>           |value<15>      |   20.057|
y<4>           |value<16>      |   20.451|
y<4>           |value<17>      |   21.886|
y<4>           |value<18>      |   21.814|
y<4>           |value<19>      |   23.007|
y<4>           |value<20>      |   23.766|
y<4>           |value<21>      |   25.357|
y<4>           |value<22>      |   25.912|
y<4>           |value<23>      |   27.493|
y<4>           |value<24>      |   28.481|
y<4>           |value<25>      |   29.801|
y<4>           |value<26>      |   29.939|
y<4>           |value<27>      |   31.204|
y<4>           |value<28>      |   31.955|
y<4>           |value<29>      |   32.094|
y<4>           |value<30>      |   32.709|
y<4>           |value<31>      |   33.570|
y<5>           |value<5>       |   11.405|
y<5>           |value<6>       |   12.915|
y<5>           |value<7>       |   13.535|
y<5>           |value<8>       |   14.113|
y<5>           |value<9>       |   16.191|
y<5>           |value<10>      |   15.930|
y<5>           |value<11>      |   17.172|
y<5>           |value<12>      |   18.345|
y<5>           |value<13>      |   19.000|
y<5>           |value<14>      |   19.708|
y<5>           |value<15>      |   21.042|
y<5>           |value<16>      |   21.436|
y<5>           |value<17>      |   22.871|
y<5>           |value<18>      |   22.799|
y<5>           |value<19>      |   23.992|
y<5>           |value<20>      |   24.751|
y<5>           |value<21>      |   26.342|
y<5>           |value<22>      |   26.897|
y<5>           |value<23>      |   28.478|
y<5>           |value<24>      |   29.466|
y<5>           |value<25>      |   30.786|
y<5>           |value<26>      |   30.924|
y<5>           |value<27>      |   32.189|
y<5>           |value<28>      |   32.940|
y<5>           |value<29>      |   33.079|
y<5>           |value<30>      |   33.694|
y<5>           |value<31>      |   34.555|
y<6>           |value<6>       |   11.171|
y<6>           |value<7>       |   12.200|
y<6>           |value<8>       |   12.778|
y<6>           |value<9>       |   14.856|
y<6>           |value<10>      |   14.595|
y<6>           |value<11>      |   15.837|
y<6>           |value<12>      |   17.010|
y<6>           |value<13>      |   17.665|
y<6>           |value<14>      |   18.373|
y<6>           |value<15>      |   19.707|
y<6>           |value<16>      |   20.101|
y<6>           |value<17>      |   21.536|
y<6>           |value<18>      |   21.464|
y<6>           |value<19>      |   22.657|
y<6>           |value<20>      |   23.416|
y<6>           |value<21>      |   25.007|
y<6>           |value<22>      |   25.562|
y<6>           |value<23>      |   27.143|
y<6>           |value<24>      |   28.131|
y<6>           |value<25>      |   29.451|
y<6>           |value<26>      |   29.589|
y<6>           |value<27>      |   30.854|
y<6>           |value<28>      |   31.605|
y<6>           |value<29>      |   31.744|
y<6>           |value<30>      |   32.359|
y<6>           |value<31>      |   33.220|
y<7>           |value<7>       |   10.310|
y<7>           |value<8>       |   11.554|
y<7>           |value<9>       |   13.632|
y<7>           |value<10>      |   13.371|
y<7>           |value<11>      |   14.613|
y<7>           |value<12>      |   15.786|
y<7>           |value<13>      |   16.441|
y<7>           |value<14>      |   17.149|
y<7>           |value<15>      |   18.483|
y<7>           |value<16>      |   18.877|
y<7>           |value<17>      |   20.312|
y<7>           |value<18>      |   20.240|
y<7>           |value<19>      |   21.433|
y<7>           |value<20>      |   22.192|
y<7>           |value<21>      |   23.783|
y<7>           |value<22>      |   24.338|
y<7>           |value<23>      |   25.919|
y<7>           |value<24>      |   26.907|
y<7>           |value<25>      |   28.227|
y<7>           |value<26>      |   28.365|
y<7>           |value<27>      |   29.630|
y<7>           |value<28>      |   30.381|
y<7>           |value<29>      |   30.520|
y<7>           |value<30>      |   31.135|
y<7>           |value<31>      |   31.996|
y<8>           |value<8>       |   12.087|
y<8>           |value<9>       |   13.898|
y<8>           |value<10>      |   13.637|
y<8>           |value<11>      |   14.879|
y<8>           |value<12>      |   16.052|
y<8>           |value<13>      |   16.707|
y<8>           |value<14>      |   17.415|
y<8>           |value<15>      |   18.749|
y<8>           |value<16>      |   19.143|
y<8>           |value<17>      |   20.578|
y<8>           |value<18>      |   20.506|
y<8>           |value<19>      |   21.699|
y<8>           |value<20>      |   22.458|
y<8>           |value<21>      |   24.049|
y<8>           |value<22>      |   24.604|
y<8>           |value<23>      |   26.185|
y<8>           |value<24>      |   27.173|
y<8>           |value<25>      |   28.493|
y<8>           |value<26>      |   28.631|
y<8>           |value<27>      |   29.896|
y<8>           |value<28>      |   30.647|
y<8>           |value<29>      |   30.786|
y<8>           |value<30>      |   31.401|
y<8>           |value<31>      |   32.262|
y<9>           |value<9>       |   12.047|
y<9>           |value<10>      |   13.021|
y<9>           |value<11>      |   14.263|
y<9>           |value<12>      |   15.436|
y<9>           |value<13>      |   16.091|
y<9>           |value<14>      |   16.799|
y<9>           |value<15>      |   18.133|
y<9>           |value<16>      |   18.527|
y<9>           |value<17>      |   19.962|
y<9>           |value<18>      |   19.890|
y<9>           |value<19>      |   21.083|
y<9>           |value<20>      |   21.842|
y<9>           |value<21>      |   23.433|
y<9>           |value<22>      |   23.988|
y<9>           |value<23>      |   25.569|
y<9>           |value<24>      |   26.557|
y<9>           |value<25>      |   27.877|
y<9>           |value<26>      |   28.015|
y<9>           |value<27>      |   29.280|
y<9>           |value<28>      |   30.031|
y<9>           |value<29>      |   30.170|
y<9>           |value<30>      |   30.785|
y<9>           |value<31>      |   31.646|
y<10>          |value<10>      |   11.672|
y<10>          |value<11>      |   12.966|
y<10>          |value<12>      |   14.139|
y<10>          |value<13>      |   14.794|
y<10>          |value<14>      |   15.502|
y<10>          |value<15>      |   16.836|
y<10>          |value<16>      |   17.230|
y<10>          |value<17>      |   18.665|
y<10>          |value<18>      |   18.593|
y<10>          |value<19>      |   19.786|
y<10>          |value<20>      |   20.545|
y<10>          |value<21>      |   22.136|
y<10>          |value<22>      |   22.691|
y<10>          |value<23>      |   24.272|
y<10>          |value<24>      |   25.260|
y<10>          |value<25>      |   26.580|
y<10>          |value<26>      |   26.718|
y<10>          |value<27>      |   27.983|
y<10>          |value<28>      |   28.734|
y<10>          |value<29>      |   28.873|
y<10>          |value<30>      |   29.488|
y<10>          |value<31>      |   30.349|
y<11>          |value<11>      |   10.721|
y<11>          |value<12>      |   12.411|
y<11>          |value<13>      |   13.066|
y<11>          |value<14>      |   13.774|
y<11>          |value<15>      |   15.108|
y<11>          |value<16>      |   15.502|
y<11>          |value<17>      |   16.937|
y<11>          |value<18>      |   16.865|
y<11>          |value<19>      |   18.058|
y<11>          |value<20>      |   18.817|
y<11>          |value<21>      |   20.408|
y<11>          |value<22>      |   20.963|
y<11>          |value<23>      |   22.544|
y<11>          |value<24>      |   23.532|
y<11>          |value<25>      |   24.852|
y<11>          |value<26>      |   24.990|
y<11>          |value<27>      |   26.255|
y<11>          |value<28>      |   27.006|
y<11>          |value<29>      |   27.145|
y<11>          |value<30>      |   27.760|
y<11>          |value<31>      |   28.621|
y<12>          |value<12>      |   11.262|
y<12>          |value<13>      |   12.190|
y<12>          |value<14>      |   12.898|
y<12>          |value<15>      |   14.232|
y<12>          |value<16>      |   14.626|
y<12>          |value<17>      |   16.061|
y<12>          |value<18>      |   15.989|
y<12>          |value<19>      |   17.182|
y<12>          |value<20>      |   17.941|
y<12>          |value<21>      |   19.532|
y<12>          |value<22>      |   20.087|
y<12>          |value<23>      |   21.668|
y<12>          |value<24>      |   22.656|
y<12>          |value<25>      |   23.976|
y<12>          |value<26>      |   24.114|
y<12>          |value<27>      |   25.379|
y<12>          |value<28>      |   26.130|
y<12>          |value<29>      |   26.269|
y<12>          |value<30>      |   26.884|
y<12>          |value<31>      |   27.745|
y<13>          |value<13>      |   10.637|
y<13>          |value<14>      |   11.257|
y<13>          |value<15>      |   12.591|
y<13>          |value<16>      |   12.985|
y<13>          |value<17>      |   14.420|
y<13>          |value<18>      |   14.348|
y<13>          |value<19>      |   15.541|
y<13>          |value<20>      |   16.300|
y<13>          |value<21>      |   17.891|
y<13>          |value<22>      |   18.446|
y<13>          |value<23>      |   20.027|
y<13>          |value<24>      |   21.015|
y<13>          |value<25>      |   22.335|
y<13>          |value<26>      |   22.473|
y<13>          |value<27>      |   23.738|
y<13>          |value<28>      |   24.489|
y<13>          |value<29>      |   24.628|
y<13>          |value<30>      |   25.243|
y<13>          |value<31>      |   26.104|
y<14>          |value<14>      |   11.242|
y<14>          |value<15>      |   11.643|
y<14>          |value<16>      |   12.037|
y<14>          |value<17>      |   13.472|
y<14>          |value<18>      |   13.400|
y<14>          |value<19>      |   14.593|
y<14>          |value<20>      |   15.352|
y<14>          |value<21>      |   16.943|
y<14>          |value<22>      |   17.498|
y<14>          |value<23>      |   19.079|
y<14>          |value<24>      |   20.067|
y<14>          |value<25>      |   21.387|
y<14>          |value<26>      |   21.525|
y<14>          |value<27>      |   22.790|
y<14>          |value<28>      |   23.541|
y<14>          |value<29>      |   23.680|
y<14>          |value<30>      |   24.295|
y<14>          |value<31>      |   25.156|
y<15>          |value<15>      |   10.632|
y<15>          |value<16>      |   10.855|
y<15>          |value<17>      |   12.290|
y<15>          |value<18>      |   12.218|
y<15>          |value<19>      |   13.411|
y<15>          |value<20>      |   14.170|
y<15>          |value<21>      |   15.761|
y<15>          |value<22>      |   16.316|
y<15>          |value<23>      |   17.897|
y<15>          |value<24>      |   18.885|
y<15>          |value<25>      |   20.205|
y<15>          |value<26>      |   20.343|
y<15>          |value<27>      |   21.608|
y<15>          |value<28>      |   22.359|
y<15>          |value<29>      |   22.498|
y<15>          |value<30>      |   23.113|
y<15>          |value<31>      |   23.974|
y<16>          |value<16>      |    9.678|
y<16>          |value<17>      |   11.404|
y<16>          |value<18>      |   11.332|
y<16>          |value<19>      |   12.525|
y<16>          |value<20>      |   13.284|
y<16>          |value<21>      |   14.875|
y<16>          |value<22>      |   15.430|
y<16>          |value<23>      |   17.011|
y<16>          |value<24>      |   17.999|
y<16>          |value<25>      |   19.319|
y<16>          |value<26>      |   19.457|
y<16>          |value<27>      |   20.722|
y<16>          |value<28>      |   21.473|
y<16>          |value<29>      |   21.612|
y<16>          |value<30>      |   22.227|
y<16>          |value<31>      |   23.088|
y<17>          |value<17>      |   11.112|
y<17>          |value<18>      |   11.144|
y<17>          |value<19>      |   12.337|
y<17>          |value<20>      |   13.096|
y<17>          |value<21>      |   14.687|
y<17>          |value<22>      |   15.242|
y<17>          |value<23>      |   16.823|
y<17>          |value<24>      |   17.811|
y<17>          |value<25>      |   19.131|
y<17>          |value<26>      |   19.269|
y<17>          |value<27>      |   20.534|
y<17>          |value<28>      |   21.285|
y<17>          |value<29>      |   21.424|
y<17>          |value<30>      |   22.039|
y<17>          |value<31>      |   22.900|
y<18>          |value<18>      |    9.577|
y<18>          |value<19>      |   10.976|
y<18>          |value<20>      |   11.735|
y<18>          |value<21>      |   13.326|
y<18>          |value<22>      |   13.881|
y<18>          |value<23>      |   15.462|
y<18>          |value<24>      |   16.450|
y<18>          |value<25>      |   17.770|
y<18>          |value<26>      |   17.908|
y<18>          |value<27>      |   19.173|
y<18>          |value<28>      |   19.924|
y<18>          |value<29>      |   20.063|
y<18>          |value<30>      |   20.678|
y<18>          |value<31>      |   21.539|
y<19>          |value<19>      |   10.282|
y<19>          |value<20>      |   10.204|
y<19>          |value<21>      |   11.795|
y<19>          |value<22>      |   12.350|
y<19>          |value<23>      |   13.931|
y<19>          |value<24>      |   14.919|
y<19>          |value<25>      |   16.239|
y<19>          |value<26>      |   16.377|
y<19>          |value<27>      |   17.642|
y<19>          |value<28>      |   18.393|
y<19>          |value<29>      |   18.532|
y<19>          |value<30>      |   19.147|
y<19>          |value<31>      |   20.008|
y<20>          |value<20>      |    9.756|
y<20>          |value<21>      |   11.524|
y<20>          |value<22>      |   12.079|
y<20>          |value<23>      |   13.660|
y<20>          |value<24>      |   14.648|
y<20>          |value<25>      |   15.968|
y<20>          |value<26>      |   16.106|
y<20>          |value<27>      |   17.371|
y<20>          |value<28>      |   18.122|
y<20>          |value<29>      |   18.261|
y<20>          |value<30>      |   18.876|
y<20>          |value<31>      |   19.737|
y<21>          |value<21>      |   10.155|
y<21>          |value<22>      |   11.020|
y<21>          |value<23>      |   12.601|
y<21>          |value<24>      |   13.589|
y<21>          |value<25>      |   14.909|
y<21>          |value<26>      |   15.047|
y<21>          |value<27>      |   16.312|
y<21>          |value<28>      |   17.063|
y<21>          |value<29>      |   17.202|
y<21>          |value<30>      |   17.817|
y<21>          |value<31>      |   18.678|
y<22>          |value<22>      |   10.337|
y<22>          |value<23>      |   11.808|
y<22>          |value<24>      |   12.796|
y<22>          |value<25>      |   14.116|
y<22>          |value<26>      |   14.254|
y<22>          |value<27>      |   15.519|
y<22>          |value<28>      |   16.270|
y<22>          |value<29>      |   16.409|
y<22>          |value<30>      |   17.024|
y<22>          |value<31>      |   17.885|
y<23>          |value<23>      |   10.690|
y<23>          |value<24>      |   11.310|
y<23>          |value<25>      |   12.630|
y<23>          |value<26>      |   12.768|
y<23>          |value<27>      |   14.033|
y<23>          |value<28>      |   14.784|
y<23>          |value<29>      |   14.923|
y<23>          |value<30>      |   15.538|
y<23>          |value<31>      |   16.399|
y<24>          |value<24>      |   10.558|
y<24>          |value<25>      |   12.170|
y<24>          |value<26>      |   12.308|
y<24>          |value<27>      |   13.573|
y<24>          |value<28>      |   14.324|
y<24>          |value<29>      |   14.463|
y<24>          |value<30>      |   15.078|
y<24>          |value<31>      |   15.939|
y<25>          |value<25>      |   10.394|
y<25>          |value<26>      |   11.500|
y<25>          |value<27>      |   12.765|
y<25>          |value<28>      |   13.516|
y<25>          |value<29>      |   13.655|
y<25>          |value<30>      |   14.270|
y<25>          |value<31>      |   15.131|
y<26>          |value<26>      |   11.884|
y<26>          |value<27>      |   12.816|
y<26>          |value<28>      |   13.567|
y<26>          |value<29>      |   13.706|
y<26>          |value<30>      |   14.321|
y<26>          |value<31>      |   15.182|
y<27>          |value<27>      |   10.236|
y<27>          |value<28>      |   11.697|
y<27>          |value<29>      |   11.836|
y<27>          |value<30>      |   12.451|
y<27>          |value<31>      |   13.312|
y<28>          |value<28>      |   10.801|
y<28>          |value<29>      |   10.843|
y<28>          |value<30>      |   11.458|
y<28>          |value<31>      |   12.319|
y<29>          |value<29>      |   11.020|
y<29>          |value<30>      |   11.449|
y<29>          |value<31>      |   12.310|
y<30>          |value<30>      |    9.704|
y<30>          |value<31>      |   10.594|
y<31>          |value<31>      |   10.592|
---------------+---------------+---------+


Analysis completed Wed Oct 31 19:43:00 2012 
--------------------------------------------------------------------------------

Trace Settings:
-------------------------
Trace Settings 

Peak Memory Usage: 162 MB



