Release 12.4 Map M.81d (nt64)
Xilinx Mapping Report File for Design 'alu'

Design Information
------------------
Command Line   : map -intstyle ise -p xc3s400-pq208-5 -cm area -ir off -pr off
-c 100 -o alu_map.ncd alu.ngd alu.pcf 
Target Device  : xc3s400
Target Package : pq208
Target Speed   : -5
Mapper Version : spartan3 -- $Revision: 1.52.76.2 $
Mapped Date    : Wed Oct 31 19:42:47 2012

Design Summary
--------------
Number of errors:      0
Number of warnings:    4
Logic Utilization:
  Number of Slice Latches:               32 out of   7,168    1%
  Number of 4 input LUTs:               538 out of   7,168    7%
Logic Distribution:
  Number of occupied Slices:            290 out of   3,584    8%
    Number of Slices containing only related logic:     290 out of     290 100%
    Number of Slices containing unrelated logic:          0 out of     290   0%
      *See NOTES below for an explanation of the effects of unrelated logic.
  Total Number of 4 input LUTs:         575 out of   7,168    8%
    Number used as logic:               538
    Number used as a route-thru:         37

  The Slice Logic Distribution report is not meaningful if the design is
  over-mapped for a non-slice resource or if Placement fails.

  Number of bonded IOBs:                104 out of     141   73%
  Number of BUFGMUXs:                     1 out of       8   12%

Average Fanout of Non-Clock Nets:                3.98

Peak Memory Usage:  245 MB
Total REAL time to MAP completion:  2 secs 
Total CPU time to MAP completion:   2 secs 

NOTES:

   Related logic is defined as being logic that shares connectivity - e.g. two
   LUTs are "related" if they share common inputs.  When assembling slices,
   Map gives priority to combine logic that is related.  Doing so results in
   the best timing performance.

   Unrelated logic shares no connectivity.  Map will only begin packing
   unrelated logic into a slice once 99% of the slices are occupied through
   related logic packing.

   Note that once logic distribution reaches the 99% level through related
   logic packing, this does not mean the device is completely utilized.
   Unrelated logic packing will then begin, continuing until all usable LUTs
   and FFs are occupied.  Depending on your timing budget, increased levels of
   unrelated logic packing may adversely affect the overall timing performance
   of your design.

Table of Contents
-----------------
Section 1 - Errors
Section 2 - Warnings
Section 3 - Informational
Section 4 - Removed Logic Summary
Section 5 - Removed Logic
Section 6 - IOB Properties
Section 7 - RPMs
Section 8 - Guide Report
Section 9 - Area Group and Partition Summary
Section 10 - Timing Report
Section 11 - Configuration String Information
Section 12 - Control Set Information
Section 13 - Utilization by Hierarchy

Section 1 - Errors
------------------

Section 2 - Warnings
--------------------
WARNING:Pack:266 - The function generator my_alu/Sh122_SW1 failed to merge with
   F5 multiplexer my_alu/Sh122_f5.  There is a conflict for the FXMUX.  The
   design will exhibit suboptimal timing.
WARNING:Pack:266 - The function generator my_alu/Sh123_SW1 failed to merge with
   F5 multiplexer my_alu/Sh123_f5.  There is a conflict for the FXMUX.  The
   design will exhibit suboptimal timing.
WARNING:Pack:266 - The function generator my_alu/Sh198_SW0 failed to merge with
   F5 multiplexer my_alu/Sh196_f5.  There is a conflict for the FXMUX.  The
   design will exhibit suboptimal timing.
WARNING:Pack:266 - The function generator my_alu/Sh199_SW0 failed to merge with
   F5 multiplexer my_alu/Sh197_f5.  There is a conflict for the FXMUX.  The
   design will exhibit suboptimal timing.

Section 3 - Informational
-------------------------
INFO:MapLib:562 - No environment variables are currently set.
INFO:LIT:244 - All of the single ended outputs in this design are using slew
   rate limited output drivers. The delay on speed critical single ended outputs
   can be dramatically reduced by designating them as fast outputs.

Section 4 - Removed Logic Summary
---------------------------------
   2 block(s) optimized away

Section 5 - Removed Logic
-------------------------

Optimized Block(s):
TYPE 		BLOCK
GND 		XST_GND
VCC 		XST_VCC

Section 6 - IOB Properties
--------------------------

+---------------------------------------------------------------------------------------------------------------------------------------------------------+
| IOB Name                           | Type             | Direction | IO Standard          | Diff  | Drive    | Slew | Reg (s)      | Resistor | IOB      |
|                                    |                  |           |                      | Term  | Strength | Rate |              |          | Delay    |
+---------------------------------------------------------------------------------------------------------------------------------------------------------+
| carry                              | IOB              | OUTPUT    | LVCMOS25             |       | 12       | SLOW |              |          |          |
| fn                                 | IOB              | INPUT     | LVCMOS25             |       |          |      |              |          |          |
| fnclass                            | IOB              | INPUT     | LVCMOS25             |       |          |      |              |          |          |
| logicfn<0>                         | IOB              | INPUT     | LVCMOS25             |       |          |      |              |          |          |
| logicfn<1>                         | IOB              | INPUT     | LVCMOS25             |       |          |      |              |          |          |
| logicfn<2>                         | IOB              | INPUT     | LVCMOS25             |       |          |      |              |          |          |
| msb                                | IOB              | OUTPUT    | LVCMOS25             |       | 12       | SLOW |              |          |          |
| value<0>                           | IOB              | OUTPUT    | LVCMOS25             |       | 12       | SLOW |              |          |          |
| value<1>                           | IOB              | OUTPUT    | LVCMOS25             |       | 12       | SLOW |              |          |          |
| value<2>                           | IOB              | OUTPUT    | LVCMOS25             |       | 12       | SLOW |              |          |          |
| value<3>                           | IOB              | OUTPUT    | LVCMOS25             |       | 12       | SLOW |              |          |          |
| value<4>                           | IOB              | OUTPUT    | LVCMOS25             |       | 12       | SLOW |              |          |          |
| value<5>                           | IOB              | OUTPUT    | LVCMOS25             |       | 12       | SLOW |              |          |          |
| value<6>                           | IOB              | OUTPUT    | LVCMOS25             |       | 12       | SLOW |              |          |          |
| value<7>                           | IOB              | OUTPUT    | LVCMOS25             |       | 12       | SLOW |              |          |          |
| value<8>                           | IOB              | OUTPUT    | LVCMOS25             |       | 12       | SLOW |              |          |          |
| value<9>                           | IOB              | OUTPUT    | LVCMOS25             |       | 12       | SLOW |              |          |          |
| value<10>                          | IOB              | OUTPUT    | LVCMOS25             |       | 12       | SLOW |              |          |          |
| value<11>                          | IOB              | OUTPUT    | LVCMOS25             |       | 12       | SLOW |              |          |          |
| value<12>                          | IOB              | OUTPUT    | LVCMOS25             |       | 12       | SLOW |              |          |          |
| value<13>                          | IOB              | OUTPUT    | LVCMOS25             |       | 12       | SLOW |              |          |          |
| value<14>                          | IOB              | OUTPUT    | LVCMOS25             |       | 12       | SLOW |              |          |          |
| value<15>                          | IOB              | OUTPUT    | LVCMOS25             |       | 12       | SLOW |              |          |          |
| value<16>                          | IOB              | OUTPUT    | LVCMOS25             |       | 12       | SLOW |              |          |          |
| value<17>                          | IOB              | OUTPUT    | LVCMOS25             |       | 12       | SLOW |              |          |          |
| value<18>                          | IOB              | OUTPUT    | LVCMOS25             |       | 12       | SLOW |              |          |          |
| value<19>                          | IOB              | OUTPUT    | LVCMOS25             |       | 12       | SLOW |              |          |          |
| value<20>                          | IOB              | OUTPUT    | LVCMOS25             |       | 12       | SLOW |              |          |          |
| value<21>                          | IOB              | OUTPUT    | LVCMOS25             |       | 12       | SLOW |              |          |          |
| value<22>                          | IOB              | OUTPUT    | LVCMOS25             |       | 12       | SLOW |              |          |          |
| value<23>                          | IOB              | OUTPUT    | LVCMOS25             |       | 12       | SLOW |              |          |          |
| value<24>                          | IOB              | OUTPUT    | LVCMOS25             |       | 12       | SLOW |              |          |          |
| value<25>                          | IOB              | OUTPUT    | LVCMOS25             |       | 12       | SLOW |              |          |          |
| value<26>                          | IOB              | OUTPUT    | LVCMOS25             |       | 12       | SLOW |              |          |          |
| value<27>                          | IOB              | OUTPUT    | LVCMOS25             |       | 12       | SLOW |              |          |          |
| value<28>                          | IOB              | OUTPUT    | LVCMOS25             |       | 12       | SLOW |              |          |          |
| value<29>                          | IOB              | OUTPUT    | LVCMOS25             |       | 12       | SLOW |              |          |          |
| value<30>                          | IOB              | OUTPUT    | LVCMOS25             |       | 12       | SLOW |              |          |          |
| value<31>                          | IOB              | OUTPUT    | LVCMOS25             |       | 12       | SLOW |              |          |          |
| x<0>                               | IOB              | INPUT     | LVCMOS25             |       |          |      |              |          |          |
| x<1>                               | IOB              | INPUT     | LVCMOS25             |       |          |      |              |          |          |
| x<2>                               | IOB              | INPUT     | LVCMOS25             |       |          |      |              |          |          |
| x<3>                               | IOB              | INPUT     | LVCMOS25             |       |          |      |              |          |          |
| x<4>                               | IOB              | INPUT     | LVCMOS25             |       |          |      |              |          |          |
| x<5>                               | IOB              | INPUT     | LVCMOS25             |       |          |      |              |          |          |
| x<6>                               | IOB              | INPUT     | LVCMOS25             |       |          |      |              |          |          |
| x<7>                               | IOB              | INPUT     | LVCMOS25             |       |          |      |              |          |          |
| x<8>                               | IOB              | INPUT     | LVCMOS25             |       |          |      |              |          |          |
| x<9>                               | IOB              | INPUT     | LVCMOS25             |       |          |      |              |          |          |
| x<10>                              | IOB              | INPUT     | LVCMOS25             |       |          |      |              |          |          |
| x<11>                              | IOB              | INPUT     | LVCMOS25             |       |          |      |              |          |          |
| x<12>                              | IOB              | INPUT     | LVCMOS25             |       |          |      |              |          |          |
| x<13>                              | IOB              | INPUT     | LVCMOS25             |       |          |      |              |          |          |
| x<14>                              | IOB              | INPUT     | LVCMOS25             |       |          |      |              |          |          |
| x<15>                              | IOB              | INPUT     | LVCMOS25             |       |          |      |              |          |          |
| x<16>                              | IOB              | INPUT     | LVCMOS25             |       |          |      |              |          |          |
| x<17>                              | IOB              | INPUT     | LVCMOS25             |       |          |      |              |          |          |
| x<18>                              | IOB              | INPUT     | LVCMOS25             |       |          |      |              |          |          |
| x<19>                              | IOB              | INPUT     | LVCMOS25             |       |          |      |              |          |          |
| x<20>                              | IOB              | INPUT     | LVCMOS25             |       |          |      |              |          |          |
| x<21>                              | IOB              | INPUT     | LVCMOS25             |       |          |      |              |          |          |
| x<22>                              | IOB              | INPUT     | LVCMOS25             |       |          |      |              |          |          |
| x<23>                              | IOB              | INPUT     | LVCMOS25             |       |          |      |              |          |          |
| x<24>                              | IOB              | INPUT     | LVCMOS25             |       |          |      |              |          |          |
| x<25>                              | IOB              | INPUT     | LVCMOS25             |       |          |      |              |          |          |
| x<26>                              | IOB              | INPUT     | LVCMOS25             |       |          |      |              |          |          |
| x<27>                              | IOB              | INPUT     | LVCMOS25             |       |          |      |              |          |          |
| x<28>                              | IOB              | INPUT     | LVCMOS25             |       |          |      |              |          |          |
| x<29>                              | IOB              | INPUT     | LVCMOS25             |       |          |      |              |          |          |
| x<30>                              | IOB              | INPUT     | LVCMOS25             |       |          |      |              |          |          |
| x<31>                              | IOB              | INPUT     | LVCMOS25             |       |          |      |              |          |          |
| y<0>                               | IOB              | INPUT     | LVCMOS25             |       |          |      |              |          |          |
| y<1>                               | IOB              | INPUT     | LVCMOS25             |       |          |      |              |          |          |
| y<2>                               | IOB              | INPUT     | LVCMOS25             |       |          |      |              |          |          |
| y<3>                               | IOB              | INPUT     | LVCMOS25             |       |          |      |              |          |          |
| y<4>                               | IOB              | INPUT     | LVCMOS25             |       |          |      |              |          |          |
| y<5>                               | IOB              | INPUT     | LVCMOS25             |       |          |      |              |          |          |
| y<6>                               | IOB              | INPUT     | LVCMOS25             |       |          |      |              |          |          |
| y<7>                               | IOB              | INPUT     | LVCMOS25             |       |          |      |              |          |          |
| y<8>                               | IOB              | INPUT     | LVCMOS25             |       |          |      |              |          |          |
| y<9>                               | IOB              | INPUT     | LVCMOS25             |       |          |      |              |          |          |
| y<10>                              | IOB              | INPUT     | LVCMOS25             |       |          |      |              |          |          |
| y<11>                              | IOB              | INPUT     | LVCMOS25             |       |          |      |              |          |          |
| y<12>                              | IOB              | INPUT     | LVCMOS25             |       |          |      |              |          |          |
| y<13>                              | IOB              | INPUT     | LVCMOS25             |       |          |      |              |          |          |
| y<14>                              | IOB              | INPUT     | LVCMOS25             |       |          |      |              |          |          |
| y<15>                              | IOB              | INPUT     | LVCMOS25             |       |          |      |              |          |          |
| y<16>                              | IOB              | INPUT     | LVCMOS25             |       |          |      |              |          |          |
| y<17>                              | IOB              | INPUT     | LVCMOS25             |       |          |      |              |          |          |
| y<18>                              | IOB              | INPUT     | LVCMOS25             |       |          |      |              |          |          |
| y<19>                              | IOB              | INPUT     | LVCMOS25             |       |          |      |              |          |          |
| y<20>                              | IOB              | INPUT     | LVCMOS25             |       |          |      |              |          |          |
| y<21>                              | IOB              | INPUT     | LVCMOS25             |       |          |      |              |          |          |
| y<22>                              | IOB              | INPUT     | LVCMOS25             |       |          |      |              |          |          |
| y<23>                              | IOB              | INPUT     | LVCMOS25             |       |          |      |              |          |          |
| y<24>                              | IOB              | INPUT     | LVCMOS25             |       |          |      |              |          |          |
| y<25>                              | IOB              | INPUT     | LVCMOS25             |       |          |      |              |          |          |
| y<26>                              | IOB              | INPUT     | LVCMOS25             |       |          |      |              |          |          |
| y<27>                              | IOB              | INPUT     | LVCMOS25             |       |          |      |              |          |          |
| y<28>                              | IOB              | INPUT     | LVCMOS25             |       |          |      |              |          |          |
| y<29>                              | IOB              | INPUT     | LVCMOS25             |       |          |      |              |          |          |
| y<30>                              | IOB              | INPUT     | LVCMOS25             |       |          |      |              |          |          |
| y<31>                              | IOB              | INPUT     | LVCMOS25             |       |          |      |              |          |          |
| zeroflag                           | IOB              | OUTPUT    | LVCMOS25             |       | 12       | SLOW |              |          |          |
+---------------------------------------------------------------------------------------------------------------------------------------------------------+

Section 7 - RPMs
----------------

Section 8 - Guide Report
------------------------
Guide not run on this design.

Section 9 - Area Group and Partition Summary
--------------------------------------------

Partition Implementation Status
-------------------------------

  No Partitions were found in this design.

-------------------------------

Area Group Information
----------------------

  No area groups were found in this design.

----------------------

Section 10 - Timing Report
--------------------------
This design was not run using timing mode.

Section 11 - Configuration String Details
-----------------------------------------
Use the "-detail" map option to print out Configuration Strings

Section 12 - Control Set Information
------------------------------------
No control set information for this architecture.

Section 13 - Utilization by Hierarchy
-------------------------------------
Use the "-detail" map option to print out the Utilization by Hierarchy section.
