Running: /opt/Xilinx/14.7/ISE_DS/ISE/bin/lin64/unwrapped/fuse -intstyle ise -incremental -lib unisims_ver -lib unimacro_ver -lib xilinxcorelib_ver -o /home/ss/Downloads/Group28_Assign6/kgprisc/alu_logic_test_isim_beh.exe -prj /home/ss/Downloads/Group28_Assign6/kgprisc/alu_logic_test_beh.prj alu_logic_test work.glbl 
ISim P.20131013 (signature 0xfbc00daa)
Number of CPUs detected in this system: 4
Turning on mult-threading, number of parallel sub-compilation jobs: 8 
Determining compilation order of HDL files
Analyzing Verilog file "/home/ss/Downloads/Group28_Assign6/kgprisc/alu_logic.v" into library work
Analyzing Verilog file "/home/ss/Downloads/Group28_Assign6/kgprisc/alu_logic_test.v" into library work
Analyzing Verilog file "/opt/Xilinx/14.7/ISE_DS/ISE//verilog/src/glbl.v" into library work
Starting static elaboration
Completed static elaboration
Fuse Memory Usage: 95480 KB
Fuse CPU Usage: 1450 ms
Compiling module alu_logic
Compiling module alu_logic_test
Compiling module glbl
Time Resolution for simulation is 1ps.
Compiled 3 Verilog Units
Built simulation executable /home/ss/Downloads/Group28_Assign6/kgprisc/alu_logic_test_isim_beh.exe
Fuse Memory Usage: 655656 KB
Fuse CPU Usage: 1470 ms
GCC CPU Usage: 580 ms
