Release 12.4 - xst M.81d (nt64)
Copyright (c) 1995-2010 Xilinx, Inc.  All rights reserved.
--> Parameter TMPDIR set to xst/projnav.tmp


Total REAL time to Xst completion: 0.00 secs
Total CPU time to Xst completion: 0.10 secs
 
--> Parameter xsthdpdir set to xst


Total REAL time to Xst completion: 0.00 secs
Total CPU time to Xst completion: 0.10 secs
 
--> Reading design: reg_file.prj

TABLE OF CONTENTS
  1) Synthesis Options Summary
  2) HDL Compilation
  3) Design Hierarchy Analysis
  4) HDL Analysis
  5) HDL Synthesis
     5.1) HDL Synthesis Report
  6) Advanced HDL Synthesis
     6.1) Advanced HDL Synthesis Report
  7) Low Level Synthesis
  8) Partition Report
  9) Final Report
	9.1) Device utilization summary
	9.2) Partition Resource Summary
	9.3) TIMING REPORT


=========================================================================
*                      Synthesis Options Summary                        *
=========================================================================
---- Source Parameters
Input File Name                    : "reg_file.prj"
Input Format                       : mixed
Ignore Synthesis Constraint File   : NO

---- Target Parameters
Output File Name                   : "reg_file"
Output Format                      : NGC
Target Device                      : xc3s400-5-pq208

---- Source Options
Top Module Name                    : reg_file
Automatic FSM Extraction           : YES
FSM Encoding Algorithm             : Auto
Safe Implementation                : No
FSM Style                          : LUT
RAM Extraction                     : Yes
RAM Style                          : Auto
ROM Extraction                     : Yes
Mux Style                          : Auto
Decoder Extraction                 : YES
Priority Encoder Extraction        : Yes
Shift Register Extraction          : YES
Logical Shifter Extraction         : YES
XOR Collapsing                     : YES
ROM Style                          : Auto
Mux Extraction                     : Yes
Resource Sharing                   : YES
Asynchronous To Synchronous        : NO
Multiplier Style                   : Auto
Automatic Register Balancing       : No

---- Target Options
Add IO Buffers                     : YES
Global Maximum Fanout              : 500
Add Generic Clock Buffer(BUFG)     : 8
Register Duplication               : YES
Slice Packing                      : YES
Optimize Instantiated Primitives   : NO
Use Clock Enable                   : Yes
Use Synchronous Set                : Yes
Use Synchronous Reset              : Yes
Pack IO Registers into IOBs        : Auto
Equivalent register Removal        : YES

---- General Options
Optimization Goal                  : Speed
Optimization Effort                : 1
Keep Hierarchy                     : No
Netlist Hierarchy                  : As_Optimized
RTL Output                         : Yes
Global Optimization                : AllClockNets
Read Cores                         : YES
Write Timing Constraints           : NO
Cross Clock Analysis               : NO
Hierarchy Separator                : /
Bus Delimiter                      : <>
Case Specifier                     : Maintain
Slice Utilization Ratio            : 100
BRAM Utilization Ratio             : 100
Verilog 2001                       : YES
Auto BRAM Packing                  : NO
Slice Utilization Ratio Delta      : 5

---- Other Options
Cores Search Directories           : {"ipcore_dir"  }

=========================================================================


=========================================================================
*                          HDL Compilation                              *
=========================================================================
Compiling verilog file "reg_file.v" in library work
Compiling verilog file "ipcore_dir/kgpriscmemory.v" in library work
Module <reg_file> compiled
Module <kgpriscmemory> compiled
No errors in compilation
Analysis of file <"reg_file.prj"> succeeded.
 

=========================================================================
*                     Design Hierarchy Analysis                         *
=========================================================================
Analyzing hierarchy for module <reg_file> in library <work>.


=========================================================================
*                            HDL Analysis                               *
=========================================================================
Analyzing top module <reg_file>.
Module <reg_file> is correct for synthesis.
 

=========================================================================
*                           HDL Synthesis                               *
=========================================================================

Performing bidirectional port resolution...

Synthesizing Unit <reg_file>.
    Related source file is "reg_file.v".
WARNING:Xst:647 - Input <reset> is never used. This port will be preserved and left unconnected if it belongs to a top-level block or it belongs to a sub-block and the hierarchy of this sub-block is preserved.
    Found 32x32-bit dual-port RAM <Mram_registers> for signal <registers>.
    Found 32x32-bit dual-port RAM <Mram_registers_ren> for signal <registers>.
    Summary:
	inferred   2 RAM(s).
Unit <reg_file> synthesized.


=========================================================================
HDL Synthesis Report

Macro Statistics
# RAMs                                                 : 2
 32x32-bit dual-port RAM                               : 2

=========================================================================

=========================================================================
*                       Advanced HDL Synthesis                          *
=========================================================================


Synthesizing (advanced) Unit <reg_file>.
INFO:Xst:3031 - HDL ADVISOR - The RAM <Mram_registers> will be implemented on LUTs either because you have described an asynchronous read or because of currently unsupported block RAM features. If you have described an asynchronous read, making it synchronous would allow you to take advantage of available block RAM resources, for optimized device usage and improved timings. Please refer to your documentation for coding guidelines.
    -----------------------------------------------------------------------
    | ram_type           | Distributed                         |          |
    -----------------------------------------------------------------------
    | Port A                                                              |
    |     aspect ratio   | 32-word x 32-bit                    |          |
    |     clkA           | connected to signal <clk>           | fall     |
    |     weA            | connected to signal <write_enable>  | high     |
    |     addrA          | connected to signal <write_add>     |          |
    |     diA            | connected to signal <write_data>    |          |
    -----------------------------------------------------------------------
    | Port B                                                              |
    |     aspect ratio   | 32-word x 32-bit                    |          |
    |     addrB          | connected to signal <rs_add>        |          |
    |     doB            | connected to signal <rs_value>        |          |
    -----------------------------------------------------------------------
INFO:Xst:3031 - HDL ADVISOR - The RAM <Mram_registers_ren> will be implemented on LUTs either because you have described an asynchronous read or because of currently unsupported block RAM features. If you have described an asynchronous read, making it synchronous would allow you to take advantage of available block RAM resources, for optimized device usage and improved timings. Please refer to your documentation for coding guidelines.
    -----------------------------------------------------------------------
    | ram_type           | Distributed                         |          |
    -----------------------------------------------------------------------
    | Port A                                                              |
    |     aspect ratio   | 32-word x 32-bit                    |          |
    |     clkA           | connected to signal <clk>           | fall     |
    |     weA            | connected to signal <write_enable>  | high     |
    |     addrA          | connected to signal <write_add>     |          |
    |     diA            | connected to signal <write_data>    |          |
    -----------------------------------------------------------------------
    | Port B                                                              |
    |     aspect ratio   | 32-word x 32-bit                    |          |
    |     addrB          | connected to signal <rt_add>        |          |
    |     doB            | connected to signal <rt_value>        |          |
    -----------------------------------------------------------------------
Unit <reg_file> synthesized (advanced).

=========================================================================
Advanced HDL Synthesis Report

Macro Statistics
# RAMs                                                 : 2
 32x32-bit dual-port distributed RAM                   : 2

=========================================================================

=========================================================================
*                         Low Level Synthesis                           *
=========================================================================

Optimizing unit <reg_file> ...

Mapping all equations...
Building and optimizing final netlist ...
Found area constraint ratio of 100 (+ 5) on block reg_file, actual ratio is 3.

Final Macro Processing ...

=========================================================================
Final Register Report

Found no macro
=========================================================================

=========================================================================
*                           Partition Report                            *
=========================================================================

Partition Implementation Status
-------------------------------

  No Partitions were found in this design.

-------------------------------

=========================================================================
*                            Final Report                               *
=========================================================================
Final Results
RTL Top Level Output File Name     : reg_file.ngr
Top Level Output File Name         : reg_file
Output Format                      : NGC
Optimization Goal                  : Speed
Keep Hierarchy                     : No

Design Statistics
# IOs                              : 114

Cell Usage :
# BELS                             : 67
#      INV                         : 1
#      LUT2                        : 2
#      LUT3                        : 64
# RAMS                             : 128
#      RAM16X1D                    : 128
# Clock Buffers                    : 1
#      BUFGP                       : 1
# IO Buffers                       : 112
#      IBUF                        : 48
#      OBUF                        : 64
=========================================================================

Device utilization summary:
---------------------------

Selected Device : 3s400pq208-5 

 Number of Slices:                      122  out of   3584     3%  
 Number of 4 input LUTs:                323  out of   7168     4%  
    Number used as logic:                67
    Number used as RAMs:                256
 Number of IOs:                         114
 Number of bonded IOBs:                 113  out of    141    80%  
 Number of GCLKs:                         1  out of      8    12%  

---------------------------
Partition Resource Summary:
---------------------------

  No Partitions were found in this design.

---------------------------


=========================================================================
TIMING REPORT

NOTE: THESE TIMING NUMBERS ARE ONLY A SYNTHESIS ESTIMATE.
      FOR ACCURATE TIMING INFORMATION PLEASE REFER TO THE TRACE REPORT
      GENERATED AFTER PLACE-and-ROUTE.

Clock Information:
------------------
-----------------------------------+------------------------+-------+
Clock Signal                       | Clock buffer(FF name)  | Load  |
-----------------------------------+------------------------+-------+
clk                                | BUFGP                  | 128   |
-----------------------------------+------------------------+-------+

Asynchronous Control Signals Information:
----------------------------------------
No asynchronous control signals found in this design

Timing Summary:
---------------
Speed Grade: -5

   Minimum period: No path found
   Minimum input arrival time before clock: 4.287ns
   Maximum output required time after clock: 8.472ns
   Maximum combinational path delay: 9.845ns

Timing Detail:
--------------
All values displayed in nanoseconds (ns)

=========================================================================
Timing constraint: Default OFFSET IN BEFORE for Clock 'clk'
  Total number of paths / destination ports: 1408 / 1280
-------------------------------------------------------------------------
Offset:              4.287ns (Levels of Logic = 2)
  Source:            write_add<4> (PAD)
  Destination:       Mram_registers1 (RAM)
  Destination Clock: clk falling

  Data Path: write_add<4> to Mram_registers1
                                Gate     Net
    Cell:in->out      fanout   Delay   Delay  Logical Name (Net Name)
    ----------------------------------------  ------------
     IBUF:I->O             2   0.715   1.040  write_add_4_IBUF (write_add_4_IBUF)
     LUT2:I0->O           64   0.479   1.731  write_ctrl1 (write_ctrl1)
     RAM16X1D:WE               0.322          Mram_registers2
    ----------------------------------------
    Total                      4.287ns (1.516ns logic, 2.771ns route)
                                       (35.4% logic, 64.6% route)

=========================================================================
Timing constraint: Default OFFSET OUT AFTER for Clock 'clk'
  Total number of paths / destination ports: 128 / 64
-------------------------------------------------------------------------
Offset:              8.472ns (Levels of Logic = 2)
  Source:            Mram_registers63 (RAM)
  Destination:       rs_value<31> (PAD)
  Source Clock:      clk falling

  Data Path: Mram_registers63 to rs_value<31>
                                Gate     Net
    Cell:in->out      fanout   Delay   Delay  Logical Name (Net Name)
    ----------------------------------------  ------------
     RAM16X1D:WCLK->DPO    1   1.552   0.851  Mram_registers63 (N129)
     LUT3:I1->O            1   0.479   0.681  inst_LPM_MUX31111 (rs_val_31_OBUF)
     OBUF:I->O                 4.909          rs_val_31_OBUF (rs_value<31>)
    ----------------------------------------
    Total                      8.472ns (6.940ns logic, 1.532ns route)
                                       (81.9% logic, 18.1% route)

=========================================================================
Timing constraint: Default path analysis
  Total number of paths / destination ports: 576 / 64
-------------------------------------------------------------------------
Delay:               9.845ns (Levels of Logic = 4)
  Source:            rs_add<0> (PAD)
  Destination:       rs_value<31> (PAD)

  Data Path: rs_add<0> to rs_value<31>
                                Gate     Net
    Cell:in->out      fanout   Delay   Delay  Logical Name (Net Name)
    ----------------------------------------  ------------
     IBUF:I->O            64   0.715   1.731  rs_add_0_IBUF (rs_add_0_IBUF)
     RAM16X1D:DPRA0->DPO    1   0.479   0.851  Mram_registers1 (N5)
     LUT3:I1->O            1   0.479   0.681  inst_LPM_MUX11 (rs_val_0_OBUF)
     OBUF:I->O                 4.909          rs_val_0_OBUF (rs_value<0>)
    ----------------------------------------
    Total                      9.845ns (6.582ns logic, 3.263ns route)
                                       (66.9% logic, 33.1% route)

=========================================================================


Total REAL time to Xst completion: 6.00 secs
Total CPU time to Xst completion: 6.17 secs
 
--> 

Total memory usage is 250916 kilobytes

Number of errors   :    0 (   0 filtered)
Number of warnings :    1 (   0 filtered)
Number of infos    :    2 (   0 filtered)

