Command line:
   Single_Cycle_isim_beh.exe
     -simmode  gui
     -simrunnum  0
     -socket  41137

Sat Nov  3 16:05:09 2018


 Elaboration Time: 0.03 sec

 Current Memory Usage: 199.954 Meg

 Total Signals          : 789
 Total Nets             : 1379
 Total Signal Drivers   : 299
 Total Blocks           : 134
 Total Primitive Blocks : 93
 Total Processes        : 327
 Total Traceable Variables  : 627
 Total Scalar Nets and Variables : 184712
Total Line Count : 1294

 Total Simulation Time: 0.07 sec

 Current Memory Usage: 275.456 Meg

Sat Nov  3 16:05:26 2018

